2018-07-26 15:49:41 -Refreshing org.springframework.boot.web.servlet.context.AnnotationConfigServletWebServerApplicationContext@59d2400d: startup date [Thu Jul 26 15:49:41 CST 2018]; root of context hierarchy
2018-07-26 15:49:42 -No MyBatis mapper was found in '[com.niule.market]' package. Please check your configuration.
2018-07-26 15:49:42 -Cannot enhance @Configuration bean definition 'myBatisMapperScannerConfig' since its singleton instance has been created too early. The typical cause is a non-static @Bean method with a BeanDefinitionRegistryPostProcessor return type: Consider declaring such methods as 'static'.
2018-07-26 15:49:42 -Tomcat initialized with port(s): 8088 (http)
2018-07-26 15:49:43 -Initializing ProtocolHandler ["http-nio-8088"]
2018-07-26 15:49:43 -Starting service [Tomcat]
2018-07-26 15:49:43 -Starting Servlet Engine: Apache Tomcat/8.5.31
2018-07-26 15:49:43 -The APR based Apache Tomcat Native library which allows optimal performance in production environments was not found on the java.library.path: [D:\Java\jdk1.8.0_172\bin;C:\WINDOWS\Sun\Java\bin;C:\WINDOWS\system32;C:\WINDOWS;C:\Program Files (x86)\Common Files\Oracle\Java\javapath;C:\ProgramData\Oracle\Java\javapath;C:\WINDOWS\system32;C:\WINDOWS;C:\WINDOWS\System32\Wbem;C:\WINDOWS\System32\WindowsPowerShell\v1.0\;D:\javaSoftware\mySql\bin;D:\javaSoftware\jdk1.8\jdk\bin;D:\javaSoftware\SVN\bin;D:\Git Tortoise\bin;D:\javaSoftware\tomcat8\bin;D:\javaSoftware\gradle-4.8.1\bin;D:\javaSoftware\apache-maven-3.5.4\bin;D:\Java\jdk1.8.0_172\bin;D:\javaSoftware\redis-server;D:\javaSoftware\Git\Git\bin;D:\javaSoftware\db2\BIN;D:\javaSoftware\db2\FUNCTION;D:\javaSoftware\db2\SAMPLES\REPL;C:\Users\admin\AppData\Local\Microsoft\WindowsApps;.]
2018-07-26 15:49:43 -Initializing Spring embedded WebApplicationContext
2018-07-26 15:49:43 -Root WebApplicationContext: initialization completed in 1275 ms
2018-07-26 15:49:43 -Servlet dispatcherServlet mapped to [/]
2018-07-26 15:49:43 -Mapping filter: 'characterEncodingFilter' to: [/*]
2018-07-26 15:49:43 -Mapping filter: 'hiddenHttpMethodFilter' to: [/*]
2018-07-26 15:49:43 -Mapping filter: 'httpPutFormContentFilter' to: [/*]
2018-07-26 15:49:43 -Mapping filter: 'requestContextFilter' to: [/*]
2018-07-26 15:49:43 -Mapped URL path [/**/favicon.ico] onto handler of type [class org.springframework.web.servlet.resource.ResourceHttpRequestHandler]
2018-07-26 15:49:44 -Looking for @ControllerAdvice: org.springframework.boot.web.servlet.context.AnnotationConfigServletWebServerApplicationContext@59d2400d: startup date [Thu Jul 26 15:49:41 CST 2018]; root of context hierarchy
2018-07-26 15:49:44 -Mapped "{[/market/make],methods=[POST]}" onto public org.springframework.http.ResponseEntity<com.niule.market.util.MessageV1> com.niule.market.controller.AdvertController.makeAdvert(com.niule.market.model.AdvertMakeInfo)
2018-07-26 15:49:44 -Mapped "{[/market/record],methods=[POST]}" onto public void com.niule.market.controller.RecordController.record(javax.servlet.http.HttpServletRequest,java.lang.Integer,java.lang.Integer)
2018-07-26 15:49:44 -Mapped "{[/error]}" onto public org.springframework.http.ResponseEntity<java.util.Map<java.lang.String, java.lang.Object>> org.springframework.boot.autoconfigure.web.servlet.error.BasicErrorController.error(javax.servlet.http.HttpServletRequest)
2018-07-26 15:49:44 -Mapped "{[/error],produces=[text/html]}" onto public org.springframework.web.servlet.ModelAndView org.springframework.boot.autoconfigure.web.servlet.error.BasicErrorController.errorHtml(javax.servlet.http.HttpServletRequest,javax.servlet.http.HttpServletResponse)
2018-07-26 15:49:44 -Mapped URL path [/webjars/**] onto handler of type [class org.springframework.web.servlet.resource.ResourceHttpRequestHandler]
2018-07-26 15:49:44 -Mapped URL path [/**] onto handler of type [class org.springframework.web.servlet.resource.ResourceHttpRequestHandler]
2018-07-26 15:49:44 -Adding welcome page: class path resource [static/index.html]
2018-07-26 15:49:44 -Registering beans for JMX exposure on startup
2018-07-26 15:49:44 -Bean with name 'readDatasource' has been autodetected for JMX exposure
2018-07-26 15:49:44 -Located MBean 'readDatasource': registering with JMX server as MBean [com.zaxxer.hikari:name=readDatasource,type=HikariDataSource]
2018-07-26 15:49:44 -Starting ProtocolHandler ["http-nio-8088"]
2018-07-26 15:49:44 -Using a shared selector for servlet write/read
2018-07-26 15:49:44 -Tomcat started on port(s): 8088 (http) with context path ''
2018-07-26 15:51:23 -Initializing Spring FrameworkServlet 'dispatcherServlet'
2018-07-26 15:51:23 -FrameworkServlet 'dispatcherServlet': initialization started
2018-07-26 15:51:23 -FrameworkServlet 'dispatcherServlet': initialization completed in 22 ms
2018-07-26 15:51:23 -HikariPool-1 - Starting...
2018-07-26 15:51:24 -HikariPool-1 - Start completed.
2018-07-26 16:02:25 -Refreshing org.springframework.boot.web.servlet.context.AnnotationConfigServletWebServerApplicationContext@70a36a66: startup date [Thu Jul 26 16:02:25 CST 2018]; root of context hierarchy
2018-07-26 16:02:26 -No MyBatis mapper was found in '[com.niule.market]' package. Please check your configuration.
2018-07-26 16:02:26 -Cannot enhance @Configuration bean definition 'myBatisMapperScannerConfig' since its singleton instance has been created too early. The typical cause is a non-static @Bean method with a BeanDefinitionRegistryPostProcessor return type: Consider declaring such methods as 'static'.
2018-07-26 16:02:26 -Tomcat initialized with port(s): 8088 (http)
2018-07-26 16:02:26 -Initializing ProtocolHandler ["http-nio-8088"]
2018-07-26 16:02:26 -Starting service [Tomcat]
2018-07-26 16:02:26 -Starting Servlet Engine: Apache Tomcat/8.5.31
2018-07-26 16:02:26 -The APR based Apache Tomcat Native library which allows optimal performance in production environments was not found on the java.library.path: [D:\Java\jdk1.8.0_172\bin;C:\WINDOWS\Sun\Java\bin;C:\WINDOWS\system32;C:\WINDOWS;C:\Program Files (x86)\Common Files\Oracle\Java\javapath;C:\ProgramData\Oracle\Java\javapath;C:\WINDOWS\system32;C:\WINDOWS;C:\WINDOWS\System32\Wbem;C:\WINDOWS\System32\WindowsPowerShell\v1.0\;D:\javaSoftware\mySql\bin;D:\javaSoftware\jdk1.8\jdk\bin;D:\javaSoftware\SVN\bin;D:\Git Tortoise\bin;D:\javaSoftware\tomcat8\bin;D:\javaSoftware\gradle-4.8.1\bin;D:\javaSoftware\apache-maven-3.5.4\bin;D:\Java\jdk1.8.0_172\bin;D:\javaSoftware\redis-server;D:\javaSoftware\Git\Git\bin;D:\javaSoftware\db2\BIN;D:\javaSoftware\db2\FUNCTION;D:\javaSoftware\db2\SAMPLES\REPL;C:\Users\admin\AppData\Local\Microsoft\WindowsApps;.]
2018-07-26 16:02:26 -Initializing Spring embedded WebApplicationContext
2018-07-26 16:02:26 -Root WebApplicationContext: initialization completed in 1382 ms
2018-07-26 16:02:27 -Servlet dispatcherServlet mapped to [/]
2018-07-26 16:02:27 -Mapping filter: 'characterEncodingFilter' to: [/*]
2018-07-26 16:02:27 -Mapping filter: 'hiddenHttpMethodFilter' to: [/*]
2018-07-26 16:02:27 -Mapping filter: 'httpPutFormContentFilter' to: [/*]
2018-07-26 16:02:27 -Mapping filter: 'requestContextFilter' to: [/*]
2018-07-26 16:02:27 -Mapped URL path [/**/favicon.ico] onto handler of type [class org.springframework.web.servlet.resource.ResourceHttpRequestHandler]
2018-07-26 16:02:27 -Looking for @ControllerAdvice: org.springframework.boot.web.servlet.context.AnnotationConfigServletWebServerApplicationContext@70a36a66: startup date [Thu Jul 26 16:02:25 CST 2018]; root of context hierarchy
2018-07-26 16:02:27 -Mapped "{[/market/make],methods=[POST]}" onto public org.springframework.http.ResponseEntity<com.niule.market.util.MessageV1> com.niule.market.controller.AdvertController.makeAdvert(com.niule.market.model.AdvertMakeInfo)
2018-07-26 16:02:27 -Mapped "{[/market/record],methods=[POST]}" onto public void com.niule.market.controller.RecordController.record(javax.servlet.http.HttpServletRequest,java.lang.Integer,java.lang.Integer)
2018-07-26 16:02:27 -Mapped "{[/error]}" onto public org.springframework.http.ResponseEntity<java.util.Map<java.lang.String, java.lang.Object>> org.springframework.boot.autoconfigure.web.servlet.error.BasicErrorController.error(javax.servlet.http.HttpServletRequest)
2018-07-26 16:02:27 -Mapped "{[/error],produces=[text/html]}" onto public org.springframework.web.servlet.ModelAndView org.springframework.boot.autoconfigure.web.servlet.error.BasicErrorController.errorHtml(javax.servlet.http.HttpServletRequest,javax.servlet.http.HttpServletResponse)
2018-07-26 16:02:27 -Mapped URL path [/webjars/**] onto handler of type [class org.springframework.web.servlet.resource.ResourceHttpRequestHandler]
2018-07-26 16:02:27 -Mapped URL path [/**] onto handler of type [class org.springframework.web.servlet.resource.ResourceHttpRequestHandler]
2018-07-26 16:02:27 -Adding welcome page: class path resource [static/index.html]
2018-07-26 16:02:28 -Registering beans for JMX exposure on startup
2018-07-26 16:02:28 -Bean with name 'readDatasource' has been autodetected for JMX exposure
2018-07-26 16:02:28 -Located MBean 'readDatasource': registering with JMX server as MBean [com.zaxxer.hikari:name=readDatasource,type=HikariDataSource]
2018-07-26 16:02:28 -Starting ProtocolHandler ["http-nio-8088"]
2018-07-26 16:02:28 -Using a shared selector for servlet write/read
2018-07-26 16:02:28 -Tomcat started on port(s): 8088 (http) with context path ''
2018-07-26 16:03:47 -Initializing Spring FrameworkServlet 'dispatcherServlet'
2018-07-26 16:03:47 -FrameworkServlet 'dispatcherServlet': initialization started
2018-07-26 16:03:47 -FrameworkServlet 'dispatcherServlet': initialization completed in 19 ms
2018-07-26 16:03:47 -HikariPool-1 - Starting...
2018-07-26 16:03:47 -HikariPool-1 - Start completed.
2018-07-26 16:03:47 -Servlet.service() for servlet [dispatcherServlet] in context with path [] threw exception [Request processing failed; nested exception is java.lang.NullPointerException] with root cause
java.lang.NullPointerException: null
	at com.niule.market.service.RecordService.jump(RecordService.java:108)
	at com.niule.market.controller.RecordController.record(RecordController.java:34)
	at sun.reflect.NativeMethodAccessorImpl.invoke0(Native Method)
	at sun.reflect.NativeMethodAccessorImpl.invoke(NativeMethodAccessorImpl.java:62)
	at sun.reflect.DelegatingMethodAccessorImpl.invoke(DelegatingMethodAccessorImpl.java:43)
	at java.lang.reflect.Method.invoke(Method.java:498)
	at org.springframework.web.method.support.InvocableHandlerMethod.doInvoke(InvocableHandlerMethod.java:209)
	at org.springframework.web.method.support.InvocableHandlerMethod.invokeForRequest(InvocableHandlerMethod.java:136)
	at org.springframework.web.servlet.mvc.method.annotation.ServletInvocableHandlerMethod.invokeAndHandle(ServletInvocableHandlerMethod.java:102)
	at org.springframework.web.servlet.mvc.method.annotation.RequestMappingHandlerAdapter.invokeHandlerMethod(RequestMappingHandlerAdapter.java:877)
	at org.springframework.web.servlet.mvc.method.annotation.RequestMappingHandlerAdapter.handleInternal(RequestMappingHandlerAdapter.java:783)
	at org.springframework.web.servlet.mvc.method.AbstractHandlerMethodAdapter.handle(AbstractHandlerMethodAdapter.java:87)
	at org.springframework.web.servlet.DispatcherServlet.doDispatch(DispatcherServlet.java:991)
	at org.springframework.web.servlet.DispatcherServlet.doService(DispatcherServlet.java:925)
	at org.springframework.web.servlet.FrameworkServlet.processRequest(FrameworkServlet.java:974)
	at org.springframework.web.servlet.FrameworkServlet.doPost(FrameworkServlet.java:877)
	at javax.servlet.http.HttpServlet.service(HttpServlet.java:661)
	at org.springframework.web.servlet.FrameworkServlet.service(FrameworkServlet.java:851)
	at javax.servlet.http.HttpServlet.service(HttpServlet.java:742)
	at org.apache.catalina.core.ApplicationFilterChain.internalDoFilter(ApplicationFilterChain.java:231)
	at org.apache.catalina.core.ApplicationFilterChain.doFilter(ApplicationFilterChain.java:166)
	at org.apache.tomcat.websocket.server.WsFilter.doFilter(WsFilter.java:52)
	at org.apache.catalina.core.ApplicationFilterChain.internalDoFilter(ApplicationFilterChain.java:193)
	at org.apache.catalina.core.ApplicationFilterChain.doFilter(ApplicationFilterChain.java:166)
	at org.springframework.web.filter.RequestContextFilter.doFilterInternal(RequestContextFilter.java:99)
	at org.springframework.web.filter.OncePerRequestFilter.doFilter(OncePerRequestFilter.java:107)
	at org.apache.catalina.core.ApplicationFilterChain.internalDoFilter(ApplicationFilterChain.java:193)
	at org.apache.catalina.core.ApplicationFilterChain.doFilter(ApplicationFilterChain.java:166)
	at org.springframework.web.filter.HttpPutFormContentFilter.doFilterInternal(HttpPutFormContentFilter.java:109)
	at org.springframework.web.filter.OncePerRequestFilter.doFilter(OncePerRequestFilter.java:107)
	at org.apache.catalina.core.ApplicationFilterChain.internalDoFilter(ApplicationFilterChain.java:193)
	at org.apache.catalina.core.ApplicationFilterChain.doFilter(ApplicationFilterChain.java:166)
	at org.springframework.web.filter.HiddenHttpMethodFilter.doFilterInternal(HiddenHttpMethodFilter.java:93)
	at org.springframework.web.filter.OncePerRequestFilter.doFilter(OncePerRequestFilter.java:107)
	at org.apache.catalina.core.ApplicationFilterChain.internalDoFilter(ApplicationFilterChain.java:193)
	at org.apache.catalina.core.ApplicationFilterChain.doFilter(ApplicationFilterChain.java:166)
	at org.springframework.web.filter.CharacterEncodingFilter.doFilterInternal(CharacterEncodingFilter.java:200)
	at org.springframework.web.filter.OncePerRequestFilter.doFilter(OncePerRequestFilter.java:107)
	at org.apache.catalina.core.ApplicationFilterChain.internalDoFilter(ApplicationFilterChain.java:193)
	at org.apache.catalina.core.ApplicationFilterChain.doFilter(ApplicationFilterChain.java:166)
	at org.apache.catalina.core.StandardWrapperValve.invoke(StandardWrapperValve.java:198)
	at org.apache.catalina.core.StandardContextValve.invoke(StandardContextValve.java:96)
	at org.apache.catalina.authenticator.AuthenticatorBase.invoke(AuthenticatorBase.java:496)
	at org.apache.catalina.core.StandardHostValve.invoke(StandardHostValve.java:140)
	at org.apache.catalina.valves.ErrorReportValve.invoke(ErrorReportValve.java:81)
	at org.apache.catalina.core.StandardEngineValve.invoke(StandardEngineValve.java:87)
	at org.apache.catalina.connector.CoyoteAdapter.service(CoyoteAdapter.java:342)
	at org.apache.coyote.http11.Http11Processor.service(Http11Processor.java:803)
	at org.apache.coyote.AbstractProcessorLight.process(AbstractProcessorLight.java:66)
	at org.apache.coyote.AbstractProtocol$ConnectionHandler.process(AbstractProtocol.java:790)
	at org.apache.tomcat.util.net.NioEndpoint$SocketProcessor.doRun(NioEndpoint.java:1468)
	at org.apache.tomcat.util.net.SocketProcessorBase.run(SocketProcessorBase.java:49)
	at java.util.concurrent.ThreadPoolExecutor.runWorker(ThreadPoolExecutor.java:1149)
	at java.util.concurrent.ThreadPoolExecutor$Worker.run(ThreadPoolExecutor.java:624)
	at org.apache.tomcat.util.threads.TaskThread$WrappingRunnable.run(TaskThread.java:61)
	at java.lang.Thread.run(Thread.java:748)
2018-07-26 16:04:43 -Refreshing org.springframework.boot.web.servlet.context.AnnotationConfigServletWebServerApplicationContext@59f63e24: startup date [Thu Jul 26 16:04:43 CST 2018]; root of context hierarchy
2018-07-26 16:04:43 -No MyBatis mapper was found in '[com.niule.market]' package. Please check your configuration.
2018-07-26 16:04:43 -Cannot enhance @Configuration bean definition 'myBatisMapperScannerConfig' since its singleton instance has been created too early. The typical cause is a non-static @Bean method with a BeanDefinitionRegistryPostProcessor return type: Consider declaring such methods as 'static'.
2018-07-26 16:04:44 -Tomcat initialized with port(s): 8088 (http)
2018-07-26 16:04:44 -Initializing ProtocolHandler ["http-nio-8088"]
2018-07-26 16:04:44 -Starting service [Tomcat]
2018-07-26 16:04:44 -Starting Servlet Engine: Apache Tomcat/8.5.31
2018-07-26 16:04:44 -The APR based Apache Tomcat Native library which allows optimal performance in production environments was not found on the java.library.path: [D:\Java\jdk1.8.0_172\bin;C:\WINDOWS\Sun\Java\bin;C:\WINDOWS\system32;C:\WINDOWS;C:\Program Files (x86)\Common Files\Oracle\Java\javapath;C:\ProgramData\Oracle\Java\javapath;C:\WINDOWS\system32;C:\WINDOWS;C:\WINDOWS\System32\Wbem;C:\WINDOWS\System32\WindowsPowerShell\v1.0\;D:\javaSoftware\mySql\bin;D:\javaSoftware\jdk1.8\jdk\bin;D:\javaSoftware\SVN\bin;D:\Git Tortoise\bin;D:\javaSoftware\tomcat8\bin;D:\javaSoftware\gradle-4.8.1\bin;D:\javaSoftware\apache-maven-3.5.4\bin;D:\Java\jdk1.8.0_172\bin;D:\javaSoftware\redis-server;D:\javaSoftware\Git\Git\bin;D:\javaSoftware\db2\BIN;D:\javaSoftware\db2\FUNCTION;D:\javaSoftware\db2\SAMPLES\REPL;C:\Users\admin\AppData\Local\Microsoft\WindowsApps;.]
2018-07-26 16:04:44 -Initializing Spring embedded WebApplicationContext
2018-07-26 16:04:44 -Root WebApplicationContext: initialization completed in 1382 ms
2018-07-26 16:04:44 -Servlet dispatcherServlet mapped to [/]
2018-07-26 16:04:44 -Mapping filter: 'characterEncodingFilter' to: [/*]
2018-07-26 16:04:44 -Mapping filter: 'hiddenHttpMethodFilter' to: [/*]
2018-07-26 16:04:44 -Mapping filter: 'httpPutFormContentFilter' to: [/*]
2018-07-26 16:04:44 -Mapping filter: 'requestContextFilter' to: [/*]
2018-07-26 16:04:45 -Mapped URL path [/**/favicon.ico] onto handler of type [class org.springframework.web.servlet.resource.ResourceHttpRequestHandler]
2018-07-26 16:04:45 -Looking for @ControllerAdvice: org.springframework.boot.web.servlet.context.AnnotationConfigServletWebServerApplicationContext@59f63e24: startup date [Thu Jul 26 16:04:43 CST 2018]; root of context hierarchy
2018-07-26 16:04:45 -Mapped "{[/market/make],methods=[POST]}" onto public org.springframework.http.ResponseEntity<com.niule.market.util.MessageV1> com.niule.market.controller.AdvertController.makeAdvert(com.niule.market.model.AdvertMakeInfo)
2018-07-26 16:04:45 -Mapped "{[/market/record],methods=[POST]}" onto public void com.niule.market.controller.RecordController.record(javax.servlet.http.HttpServletRequest,java.lang.Integer,java.lang.Integer)
2018-07-26 16:04:45 -Mapped "{[/error]}" onto public org.springframework.http.ResponseEntity<java.util.Map<java.lang.String, java.lang.Object>> org.springframework.boot.autoconfigure.web.servlet.error.BasicErrorController.error(javax.servlet.http.HttpServletRequest)
2018-07-26 16:04:45 -Mapped "{[/error],produces=[text/html]}" onto public org.springframework.web.servlet.ModelAndView org.springframework.boot.autoconfigure.web.servlet.error.BasicErrorController.errorHtml(javax.servlet.http.HttpServletRequest,javax.servlet.http.HttpServletResponse)
2018-07-26 16:04:45 -Mapped URL path [/webjars/**] onto handler of type [class org.springframework.web.servlet.resource.ResourceHttpRequestHandler]
2018-07-26 16:04:45 -Mapped URL path [/**] onto handler of type [class org.springframework.web.servlet.resource.ResourceHttpRequestHandler]
2018-07-26 16:04:45 -Adding welcome page: class path resource [static/index.html]
2018-07-26 16:04:45 -Registering beans for JMX exposure on startup
2018-07-26 16:04:45 -Bean with name 'readDatasource' has been autodetected for JMX exposure
2018-07-26 16:04:45 -Located MBean 'readDatasource': registering with JMX server as MBean [com.zaxxer.hikari:name=readDatasource,type=HikariDataSource]
2018-07-26 16:04:45 -Starting ProtocolHandler ["http-nio-8088"]
2018-07-26 16:04:45 -Using a shared selector for servlet write/read
2018-07-26 16:04:45 -Tomcat started on port(s): 8088 (http) with context path ''
2018-07-26 16:04:59 -Initializing Spring FrameworkServlet 'dispatcherServlet'
2018-07-26 16:04:59 -FrameworkServlet 'dispatcherServlet': initialization started
2018-07-26 16:04:59 -FrameworkServlet 'dispatcherServlet': initialization completed in 18 ms
2018-07-26 16:04:59 -HikariPool-1 - Starting...
2018-07-26 16:05:00 -HikariPool-1 - Start completed.
