2018-08-02 09:04:00 -Refreshing org.springframework.boot.web.servlet.context.AnnotationConfigServletWebServerApplicationContext@2f6e28bc: startup date [Thu Aug 02 09:04:00 CST 2018]; root of context hierarchy
2018-08-02 09:04:00 -No MyBatis mapper was found in '[com.niule.market]' package. Please check your configuration.
2018-08-02 09:04:00 -Cannot enhance @Configuration bean definition 'myBatisMapperScannerConfig' since its singleton instance has been created too early. The typical cause is a non-static @Bean method with a BeanDefinitionRegistryPostProcessor return type: Consider declaring such methods as 'static'.
2018-08-02 09:04:01 -Tomcat initialized with port(s): 8088 (http)
2018-08-02 09:04:01 -Initializing ProtocolHandler ["http-nio-8088"]
2018-08-02 09:04:01 -Starting service [Tomcat]
2018-08-02 09:04:01 -Starting Servlet Engine: Apache Tomcat/8.5.31
2018-08-02 09:04:01 -The APR based Apache Tomcat Native library which allows optimal performance in production environments was not found on the java.library.path: [D:\Java\jdk1.8.0_172\bin;C:\WINDOWS\Sun\Java\bin;C:\WINDOWS\system32;C:\WINDOWS;C:\Program Files (x86)\Common Files\Oracle\Java\javapath;C:\ProgramData\Oracle\Java\javapath;C:\WINDOWS\system32;C:\WINDOWS;C:\WINDOWS\System32\Wbem;C:\WINDOWS\System32\WindowsPowerShell\v1.0\;D:\javaSoftware\mySql\bin;D:\javaSoftware\jdk1.8\jdk\bin;D:\javaSoftware\SVN\bin;D:\Git Tortoise\bin;D:\javaSoftware\tomcat8\bin;D:\javaSoftware\gradle-4.8.1\bin;D:\javaSoftware\apache-maven-3.5.4\bin;D:\Java\jdk1.8.0_172\bin;D:\javaSoftware\redis-server;D:\javaSoftware\Git\Git\bin;D:\javaSoftware\db2\BIN;D:\javaSoftware\db2\FUNCTION;D:\javaSoftware\db2\SAMPLES\REPL;D:\Microsoft VS Code\bin;C:\Users\admin\AppData\Local\Microsoft\WindowsApps;.]
2018-08-02 09:04:01 -Initializing Spring embedded WebApplicationContext
2018-08-02 09:04:01 -Root WebApplicationContext: initialization completed in 1529 ms
2018-08-02 09:04:01 -Servlet dispatcherServlet mapped to [/]
2018-08-02 09:04:01 -Servlet userPicture mapped to [/user/picture]
2018-08-02 09:04:01 -Mapping filter: 'characterEncodingFilter' to: [/*]
2018-08-02 09:04:01 -Mapping filter: 'hiddenHttpMethodFilter' to: [/*]
2018-08-02 09:04:01 -Mapping filter: 'httpPutFormContentFilter' to: [/*]
2018-08-02 09:04:01 -Mapping filter: 'requestContextFilter' to: [/*]
2018-08-02 09:04:02 -Mapped URL path [/**/favicon.ico] onto handler of type [class org.springframework.web.servlet.resource.ResourceHttpRequestHandler]
2018-08-02 09:04:02 -Looking for @ControllerAdvice: org.springframework.boot.web.servlet.context.AnnotationConfigServletWebServerApplicationContext@2f6e28bc: startup date [Thu Aug 02 09:04:00 CST 2018]; root of context hierarchy
2018-08-02 09:04:02 -Mapped "{[/market/get/info],methods=[POST]}" onto public org.springframework.http.ResponseEntity<com.niule.market.util.MessageInfo<com.niule.market.model.AdvertMakeInfo>> com.niule.market.controller.AdvertController.getAdvertMakeInfo(com.niule.market.model.AdvertParamModel) throws java.lang.Exception
2018-08-02 09:04:02 -Mapped "{[/market/count],methods=[GET]}" onto public org.springframework.http.ResponseEntity<com.github.pagehelper.PageInfo<com.niule.market.dao.model.AuthNo>> com.niule.market.controller.CountController.getInfo(java.lang.String,java.lang.Integer,java.lang.Integer)
2018-08-02 09:04:02 -Mapped "{[/market/record],methods=[POST]}" onto public void com.niule.market.controller.RecordController.record(javax.servlet.http.HttpServletRequest,java.lang.Integer,java.lang.Integer,java.lang.Integer)
2018-08-02 09:04:02 -Mapped "{[/error]}" onto public org.springframework.http.ResponseEntity<java.util.Map<java.lang.String, java.lang.Object>> org.springframework.boot.autoconfigure.web.servlet.error.BasicErrorController.error(javax.servlet.http.HttpServletRequest)
2018-08-02 09:04:02 -Mapped "{[/error],produces=[text/html]}" onto public org.springframework.web.servlet.ModelAndView org.springframework.boot.autoconfigure.web.servlet.error.BasicErrorController.errorHtml(javax.servlet.http.HttpServletRequest,javax.servlet.http.HttpServletResponse)
2018-08-02 09:04:02 -Mapped URL path [/webjars/**] onto handler of type [class org.springframework.web.servlet.resource.ResourceHttpRequestHandler]
2018-08-02 09:04:02 -Mapped URL path [/**] onto handler of type [class org.springframework.web.servlet.resource.ResourceHttpRequestHandler]
2018-08-02 09:04:03 -Registering beans for JMX exposure on startup
2018-08-02 09:04:03 -Bean with name 'readDatasource' has been autodetected for JMX exposure
2018-08-02 09:04:03 -Located MBean 'readDatasource': registering with JMX server as MBean [com.zaxxer.hikari:name=readDatasource,type=HikariDataSource]
2018-08-02 09:04:03 -Starting ProtocolHandler ["http-nio-8088"]
2018-08-02 09:04:03 -Using a shared selector for servlet write/read
2018-08-02 09:04:03 -Tomcat started on port(s): 8088 (http) with context path ''
2018-08-02 09:04:21 -Initializing Spring FrameworkServlet 'dispatcherServlet'
2018-08-02 09:04:21 -FrameworkServlet 'dispatcherServlet': initialization started
2018-08-02 09:04:21 -FrameworkServlet 'dispatcherServlet': initialization completed in 22 ms
2018-08-02 09:04:25 -HikariPool-1 - Starting...
2018-08-02 09:04:25 -HikariPool-1 - Start completed.
2018-08-02 09:04:26 -Servlet.service() for servlet [dispatcherServlet] in context with path [] threw exception
java.io.FileNotFoundException: \home\www\images\dt.png (系统找不到指定的文件。)
	at java.io.FileInputStream.open0(Native Method)
	at java.io.FileInputStream.open(FileInputStream.java:195)
	at java.io.FileInputStream.<init>(FileInputStream.java:138)
	at java.io.FileInputStream.<init>(FileInputStream.java:93)
	at com.niule.market.service.AdvertService.getInviteShareInfo(AdvertService.java:169)
	at com.niule.market.service.AdvertService.makeAdvertV1(AdvertService.java:128)
	at com.niule.market.controller.AdvertController.getAdvertMakeInfo(AdvertController.java:31)
	at sun.reflect.NativeMethodAccessorImpl.invoke0(Native Method)
	at sun.reflect.NativeMethodAccessorImpl.invoke(NativeMethodAccessorImpl.java:62)
	at sun.reflect.DelegatingMethodAccessorImpl.invoke(DelegatingMethodAccessorImpl.java:43)
	at java.lang.reflect.Method.invoke(Method.java:498)
	at org.springframework.web.method.support.InvocableHandlerMethod.doInvoke(InvocableHandlerMethod.java:209)
	at org.springframework.web.method.support.InvocableHandlerMethod.invokeForRequest(InvocableHandlerMethod.java:136)
	at org.springframework.web.servlet.mvc.method.annotation.ServletInvocableHandlerMethod.invokeAndHandle(ServletInvocableHandlerMethod.java:102)
	at org.springframework.web.servlet.mvc.method.annotation.RequestMappingHandlerAdapter.invokeHandlerMethod(RequestMappingHandlerAdapter.java:877)
	at org.springframework.web.servlet.mvc.method.annotation.RequestMappingHandlerAdapter.handleInternal(RequestMappingHandlerAdapter.java:783)
	at org.springframework.web.servlet.mvc.method.AbstractHandlerMethodAdapter.handle(AbstractHandlerMethodAdapter.java:87)
	at org.springframework.web.servlet.DispatcherServlet.doDispatch(DispatcherServlet.java:991)
	at org.springframework.web.servlet.DispatcherServlet.doService(DispatcherServlet.java:925)
	at org.springframework.web.servlet.FrameworkServlet.processRequest(FrameworkServlet.java:974)
	at org.springframework.web.servlet.FrameworkServlet.doPost(FrameworkServlet.java:877)
	at javax.servlet.http.HttpServlet.service(HttpServlet.java:661)
	at org.springframework.web.servlet.FrameworkServlet.service(FrameworkServlet.java:851)
	at javax.servlet.http.HttpServlet.service(HttpServlet.java:742)
	at org.apache.catalina.core.ApplicationFilterChain.internalDoFilter(ApplicationFilterChain.java:231)
	at org.apache.catalina.core.ApplicationFilterChain.doFilter(ApplicationFilterChain.java:166)
	at org.apache.tomcat.websocket.server.WsFilter.doFilter(WsFilter.java:52)
	at org.apache.catalina.core.ApplicationFilterChain.internalDoFilter(ApplicationFilterChain.java:193)
	at org.apache.catalina.core.ApplicationFilterChain.doFilter(ApplicationFilterChain.java:166)
	at org.springframework.web.filter.RequestContextFilter.doFilterInternal(RequestContextFilter.java:99)
	at org.springframework.web.filter.OncePerRequestFilter.doFilter(OncePerRequestFilter.java:107)
	at org.apache.catalina.core.ApplicationFilterChain.internalDoFilter(ApplicationFilterChain.java:193)
	at org.apache.catalina.core.ApplicationFilterChain.doFilter(ApplicationFilterChain.java:166)
	at org.springframework.web.filter.HttpPutFormContentFilter.doFilterInternal(HttpPutFormContentFilter.java:109)
	at org.springframework.web.filter.OncePerRequestFilter.doFilter(OncePerRequestFilter.java:107)
	at org.apache.catalina.core.ApplicationFilterChain.internalDoFilter(ApplicationFilterChain.java:193)
	at org.apache.catalina.core.ApplicationFilterChain.doFilter(ApplicationFilterChain.java:166)
	at org.springframework.web.filter.HiddenHttpMethodFilter.doFilterInternal(HiddenHttpMethodFilter.java:93)
	at org.springframework.web.filter.OncePerRequestFilter.doFilter(OncePerRequestFilter.java:107)
	at org.apache.catalina.core.ApplicationFilterChain.internalDoFilter(ApplicationFilterChain.java:193)
	at org.apache.catalina.core.ApplicationFilterChain.doFilter(ApplicationFilterChain.java:166)
	at org.springframework.web.filter.CharacterEncodingFilter.doFilterInternal(CharacterEncodingFilter.java:200)
	at org.springframework.web.filter.OncePerRequestFilter.doFilter(OncePerRequestFilter.java:107)
	at org.apache.catalina.core.ApplicationFilterChain.internalDoFilter(ApplicationFilterChain.java:193)
	at org.apache.catalina.core.ApplicationFilterChain.doFilter(ApplicationFilterChain.java:166)
	at org.apache.catalina.core.StandardWrapperValve.invoke(StandardWrapperValve.java:198)
	at org.apache.catalina.core.StandardContextValve.invoke(StandardContextValve.java:96)
	at org.apache.catalina.authenticator.AuthenticatorBase.invoke(AuthenticatorBase.java:496)
	at org.apache.catalina.core.StandardHostValve.invoke(StandardHostValve.java:140)
	at org.apache.catalina.valves.ErrorReportValve.invoke(ErrorReportValve.java:81)
	at org.apache.catalina.core.StandardEngineValve.invoke(StandardEngineValve.java:87)
	at org.apache.catalina.connector.CoyoteAdapter.service(CoyoteAdapter.java:342)
	at org.apache.coyote.http11.Http11Processor.service(Http11Processor.java:803)
	at org.apache.coyote.AbstractProcessorLight.process(AbstractProcessorLight.java:66)
	at org.apache.coyote.AbstractProtocol$ConnectionHandler.process(AbstractProtocol.java:790)
	at org.apache.tomcat.util.net.NioEndpoint$SocketProcessor.doRun(NioEndpoint.java:1468)
	at org.apache.tomcat.util.net.SocketProcessorBase.run(SocketProcessorBase.java:49)
	at java.util.concurrent.ThreadPoolExecutor.runWorker(ThreadPoolExecutor.java:1149)
	at java.util.concurrent.ThreadPoolExecutor$Worker.run(ThreadPoolExecutor.java:624)
	at org.apache.tomcat.util.threads.TaskThread$WrappingRunnable.run(TaskThread.java:61)
	at java.lang.Thread.run(Thread.java:748)
2018-08-02 09:04:40 -Loading XML bean definitions from class path resource [org/springframework/jdbc/support/sql-error-codes.xml]
2018-08-02 09:04:40 -SQLErrorCodes loaded: [DB2, Derby, H2, HDB, HSQL, Informix, MS-SQL, MySQL, Oracle, PostgreSQL, Sybase]
2018-08-02 09:06:08 -Servlet.service() for servlet [dispatcherServlet] in context with path [] threw exception
java.io.FileNotFoundException: \home\www\images\dt.png (系统找不到指定的文件。)
	at java.io.FileInputStream.open0(Native Method)
	at java.io.FileInputStream.open(FileInputStream.java:195)
	at java.io.FileInputStream.<init>(FileInputStream.java:138)
	at java.io.FileInputStream.<init>(FileInputStream.java:93)
	at com.niule.market.service.AdvertService.getInviteShareInfo(AdvertService.java:169)
	at com.niule.market.service.AdvertService.makeAdvertV1(AdvertService.java:128)
	at com.niule.market.controller.AdvertController.getAdvertMakeInfo(AdvertController.java:31)
	at sun.reflect.NativeMethodAccessorImpl.invoke0(Native Method)
	at sun.reflect.NativeMethodAccessorImpl.invoke(NativeMethodAccessorImpl.java:62)
	at sun.reflect.DelegatingMethodAccessorImpl.invoke(DelegatingMethodAccessorImpl.java:43)
	at java.lang.reflect.Method.invoke(Method.java:498)
	at org.springframework.web.method.support.InvocableHandlerMethod.doInvoke(InvocableHandlerMethod.java:209)
	at org.springframework.web.method.support.InvocableHandlerMethod.invokeForRequest(InvocableHandlerMethod.java:136)
	at org.springframework.web.servlet.mvc.method.annotation.ServletInvocableHandlerMethod.invokeAndHandle(ServletInvocableHandlerMethod.java:102)
	at org.springframework.web.servlet.mvc.method.annotation.RequestMappingHandlerAdapter.invokeHandlerMethod(RequestMappingHandlerAdapter.java:877)
	at org.springframework.web.servlet.mvc.method.annotation.RequestMappingHandlerAdapter.handleInternal(RequestMappingHandlerAdapter.java:783)
	at org.springframework.web.servlet.mvc.method.AbstractHandlerMethodAdapter.handle(AbstractHandlerMethodAdapter.java:87)
	at org.springframework.web.servlet.DispatcherServlet.doDispatch(DispatcherServlet.java:991)
	at org.springframework.web.servlet.DispatcherServlet.doService(DispatcherServlet.java:925)
	at org.springframework.web.servlet.FrameworkServlet.processRequest(FrameworkServlet.java:974)
	at org.springframework.web.servlet.FrameworkServlet.doPost(FrameworkServlet.java:877)
	at javax.servlet.http.HttpServlet.service(HttpServlet.java:661)
	at org.springframework.web.servlet.FrameworkServlet.service(FrameworkServlet.java:851)
	at javax.servlet.http.HttpServlet.service(HttpServlet.java:742)
	at org.apache.catalina.core.ApplicationFilterChain.internalDoFilter(ApplicationFilterChain.java:231)
	at org.apache.catalina.core.ApplicationFilterChain.doFilter(ApplicationFilterChain.java:166)
	at org.apache.tomcat.websocket.server.WsFilter.doFilter(WsFilter.java:52)
	at org.apache.catalina.core.ApplicationFilterChain.internalDoFilter(ApplicationFilterChain.java:193)
	at org.apache.catalina.core.ApplicationFilterChain.doFilter(ApplicationFilterChain.java:166)
	at org.springframework.web.filter.RequestContextFilter.doFilterInternal(RequestContextFilter.java:99)
	at org.springframework.web.filter.OncePerRequestFilter.doFilter(OncePerRequestFilter.java:107)
	at org.apache.catalina.core.ApplicationFilterChain.internalDoFilter(ApplicationFilterChain.java:193)
	at org.apache.catalina.core.ApplicationFilterChain.doFilter(ApplicationFilterChain.java:166)
	at org.springframework.web.filter.HttpPutFormContentFilter.doFilterInternal(HttpPutFormContentFilter.java:109)
	at org.springframework.web.filter.OncePerRequestFilter.doFilter(OncePerRequestFilter.java:107)
	at org.apache.catalina.core.ApplicationFilterChain.internalDoFilter(ApplicationFilterChain.java:193)
	at org.apache.catalina.core.ApplicationFilterChain.doFilter(ApplicationFilterChain.java:166)
	at org.springframework.web.filter.HiddenHttpMethodFilter.doFilterInternal(HiddenHttpMethodFilter.java:93)
	at org.springframework.web.filter.OncePerRequestFilter.doFilter(OncePerRequestFilter.java:107)
	at org.apache.catalina.core.ApplicationFilterChain.internalDoFilter(ApplicationFilterChain.java:193)
	at org.apache.catalina.core.ApplicationFilterChain.doFilter(ApplicationFilterChain.java:166)
	at org.springframework.web.filter.CharacterEncodingFilter.doFilterInternal(CharacterEncodingFilter.java:200)
	at org.springframework.web.filter.OncePerRequestFilter.doFilter(OncePerRequestFilter.java:107)
	at org.apache.catalina.core.ApplicationFilterChain.internalDoFilter(ApplicationFilterChain.java:193)
	at org.apache.catalina.core.ApplicationFilterChain.doFilter(ApplicationFilterChain.java:166)
	at org.apache.catalina.core.StandardWrapperValve.invoke(StandardWrapperValve.java:198)
	at org.apache.catalina.core.StandardContextValve.invoke(StandardContextValve.java:96)
	at org.apache.catalina.authenticator.AuthenticatorBase.invoke(AuthenticatorBase.java:496)
	at org.apache.catalina.core.StandardHostValve.invoke(StandardHostValve.java:140)
	at org.apache.catalina.valves.ErrorReportValve.invoke(ErrorReportValve.java:81)
	at org.apache.catalina.core.StandardEngineValve.invoke(StandardEngineValve.java:87)
	at org.apache.catalina.connector.CoyoteAdapter.service(CoyoteAdapter.java:342)
	at org.apache.coyote.http11.Http11Processor.service(Http11Processor.java:803)
	at org.apache.coyote.AbstractProcessorLight.process(AbstractProcessorLight.java:66)
	at org.apache.coyote.AbstractProtocol$ConnectionHandler.process(AbstractProtocol.java:790)
	at org.apache.tomcat.util.net.NioEndpoint$SocketProcessor.doRun(NioEndpoint.java:1468)
	at org.apache.tomcat.util.net.SocketProcessorBase.run(SocketProcessorBase.java:49)
	at java.util.concurrent.ThreadPoolExecutor.runWorker(ThreadPoolExecutor.java:1149)
	at java.util.concurrent.ThreadPoolExecutor$Worker.run(ThreadPoolExecutor.java:624)
	at org.apache.tomcat.util.threads.TaskThread$WrappingRunnable.run(TaskThread.java:61)
	at java.lang.Thread.run(Thread.java:748)
2018-08-02 09:08:29 -Refreshing org.springframework.boot.web.servlet.context.AnnotationConfigServletWebServerApplicationContext@5911e990: startup date [Thu Aug 02 09:08:29 CST 2018]; root of context hierarchy
2018-08-02 09:08:29 -No MyBatis mapper was found in '[com.niule.market]' package. Please check your configuration.
2018-08-02 09:08:29 -Cannot enhance @Configuration bean definition 'myBatisMapperScannerConfig' since its singleton instance has been created too early. The typical cause is a non-static @Bean method with a BeanDefinitionRegistryPostProcessor return type: Consider declaring such methods as 'static'.
2018-08-02 09:08:30 -Tomcat initialized with port(s): 8088 (http)
2018-08-02 09:08:30 -Initializing ProtocolHandler ["http-nio-8088"]
2018-08-02 09:08:30 -Starting service [Tomcat]
2018-08-02 09:08:30 -Starting Servlet Engine: Apache Tomcat/8.5.31
2018-08-02 09:08:30 -The APR based Apache Tomcat Native library which allows optimal performance in production environments was not found on the java.library.path: [D:\Java\jdk1.8.0_172\bin;C:\WINDOWS\Sun\Java\bin;C:\WINDOWS\system32;C:\WINDOWS;C:\Program Files (x86)\Common Files\Oracle\Java\javapath;C:\ProgramData\Oracle\Java\javapath;C:\WINDOWS\system32;C:\WINDOWS;C:\WINDOWS\System32\Wbem;C:\WINDOWS\System32\WindowsPowerShell\v1.0\;D:\javaSoftware\mySql\bin;D:\javaSoftware\jdk1.8\jdk\bin;D:\javaSoftware\SVN\bin;D:\Git Tortoise\bin;D:\javaSoftware\tomcat8\bin;D:\javaSoftware\gradle-4.8.1\bin;D:\javaSoftware\apache-maven-3.5.4\bin;D:\Java\jdk1.8.0_172\bin;D:\javaSoftware\redis-server;D:\javaSoftware\Git\Git\bin;D:\javaSoftware\db2\BIN;D:\javaSoftware\db2\FUNCTION;D:\javaSoftware\db2\SAMPLES\REPL;D:\Microsoft VS Code\bin;C:\Users\admin\AppData\Local\Microsoft\WindowsApps;.]
2018-08-02 09:08:30 -Initializing Spring embedded WebApplicationContext
2018-08-02 09:08:30 -Root WebApplicationContext: initialization completed in 1478 ms
2018-08-02 09:08:30 -Servlet dispatcherServlet mapped to [/]
2018-08-02 09:08:30 -Servlet userPicture mapped to [/user/picture]
2018-08-02 09:08:30 -Mapping filter: 'characterEncodingFilter' to: [/*]
2018-08-02 09:08:30 -Mapping filter: 'hiddenHttpMethodFilter' to: [/*]
2018-08-02 09:08:30 -Mapping filter: 'httpPutFormContentFilter' to: [/*]
2018-08-02 09:08:30 -Mapping filter: 'requestContextFilter' to: [/*]
2018-08-02 09:08:31 -Mapped URL path [/**/favicon.ico] onto handler of type [class org.springframework.web.servlet.resource.ResourceHttpRequestHandler]
2018-08-02 09:08:31 -Looking for @ControllerAdvice: org.springframework.boot.web.servlet.context.AnnotationConfigServletWebServerApplicationContext@5911e990: startup date [Thu Aug 02 09:08:29 CST 2018]; root of context hierarchy
2018-08-02 09:08:31 -Mapped "{[/market/get/info],methods=[POST]}" onto public org.springframework.http.ResponseEntity<com.niule.market.util.MessageInfo<com.niule.market.model.AdvertMakeInfo>> com.niule.market.controller.AdvertController.getAdvertMakeInfo(com.niule.market.model.AdvertParamModel) throws java.lang.Exception
2018-08-02 09:08:31 -Mapped "{[/market/count],methods=[GET]}" onto public org.springframework.http.ResponseEntity<com.github.pagehelper.PageInfo<com.niule.market.dao.model.AuthNo>> com.niule.market.controller.CountController.getInfo(java.lang.String,java.lang.Integer,java.lang.Integer)
2018-08-02 09:08:31 -Mapped "{[/market/record],methods=[POST]}" onto public void com.niule.market.controller.RecordController.record(javax.servlet.http.HttpServletRequest,java.lang.Integer,java.lang.Integer,java.lang.Integer)
2018-08-02 09:08:31 -Mapped "{[/error]}" onto public org.springframework.http.ResponseEntity<java.util.Map<java.lang.String, java.lang.Object>> org.springframework.boot.autoconfigure.web.servlet.error.BasicErrorController.error(javax.servlet.http.HttpServletRequest)
2018-08-02 09:08:31 -Mapped "{[/error],produces=[text/html]}" onto public org.springframework.web.servlet.ModelAndView org.springframework.boot.autoconfigure.web.servlet.error.BasicErrorController.errorHtml(javax.servlet.http.HttpServletRequest,javax.servlet.http.HttpServletResponse)
2018-08-02 09:08:31 -Mapped URL path [/webjars/**] onto handler of type [class org.springframework.web.servlet.resource.ResourceHttpRequestHandler]
2018-08-02 09:08:31 -Mapped URL path [/**] onto handler of type [class org.springframework.web.servlet.resource.ResourceHttpRequestHandler]
2018-08-02 09:08:32 -Registering beans for JMX exposure on startup
2018-08-02 09:08:32 -Bean with name 'readDatasource' has been autodetected for JMX exposure
2018-08-02 09:08:32 -Located MBean 'readDatasource': registering with JMX server as MBean [com.zaxxer.hikari:name=readDatasource,type=HikariDataSource]
2018-08-02 09:08:32 -Starting ProtocolHandler ["http-nio-8088"]
2018-08-02 09:08:32 -Using a shared selector for servlet write/read
2018-08-02 09:08:32 -Tomcat started on port(s): 8088 (http) with context path ''
2018-08-02 09:13:25 -Refreshing org.springframework.boot.web.servlet.context.AnnotationConfigServletWebServerApplicationContext@48d5f34e: startup date [Thu Aug 02 09:13:25 CST 2018]; root of context hierarchy
2018-08-02 09:13:25 -No MyBatis mapper was found in '[com.niule.market]' package. Please check your configuration.
2018-08-02 09:13:25 -Cannot enhance @Configuration bean definition 'myBatisMapperScannerConfig' since its singleton instance has been created too early. The typical cause is a non-static @Bean method with a BeanDefinitionRegistryPostProcessor return type: Consider declaring such methods as 'static'.
2018-08-02 09:13:26 -Tomcat initialized with port(s): 8088 (http)
2018-08-02 09:13:26 -Initializing ProtocolHandler ["http-nio-8088"]
2018-08-02 09:13:26 -Starting service [Tomcat]
2018-08-02 09:13:26 -Starting Servlet Engine: Apache Tomcat/8.5.31
2018-08-02 09:13:26 -The APR based Apache Tomcat Native library which allows optimal performance in production environments was not found on the java.library.path: [D:\Java\jdk1.8.0_172\bin;C:\WINDOWS\Sun\Java\bin;C:\WINDOWS\system32;C:\WINDOWS;C:\Program Files (x86)\Common Files\Oracle\Java\javapath;C:\ProgramData\Oracle\Java\javapath;C:\WINDOWS\system32;C:\WINDOWS;C:\WINDOWS\System32\Wbem;C:\WINDOWS\System32\WindowsPowerShell\v1.0\;D:\javaSoftware\mySql\bin;D:\javaSoftware\jdk1.8\jdk\bin;D:\javaSoftware\SVN\bin;D:\Git Tortoise\bin;D:\javaSoftware\tomcat8\bin;D:\javaSoftware\gradle-4.8.1\bin;D:\javaSoftware\apache-maven-3.5.4\bin;D:\Java\jdk1.8.0_172\bin;D:\javaSoftware\redis-server;D:\javaSoftware\Git\Git\bin;D:\javaSoftware\db2\BIN;D:\javaSoftware\db2\FUNCTION;D:\javaSoftware\db2\SAMPLES\REPL;D:\Microsoft VS Code\bin;C:\Users\admin\AppData\Local\Microsoft\WindowsApps;.]
2018-08-02 09:13:26 -Initializing Spring embedded WebApplicationContext
2018-08-02 09:13:26 -Root WebApplicationContext: initialization completed in 1522 ms
2018-08-02 09:13:26 -Servlet dispatcherServlet mapped to [/]
2018-08-02 09:13:26 -Servlet userPicture mapped to [/user/picture]
2018-08-02 09:13:26 -Mapping filter: 'characterEncodingFilter' to: [/*]
2018-08-02 09:13:26 -Mapping filter: 'hiddenHttpMethodFilter' to: [/*]
2018-08-02 09:13:26 -Mapping filter: 'httpPutFormContentFilter' to: [/*]
2018-08-02 09:13:26 -Mapping filter: 'requestContextFilter' to: [/*]
2018-08-02 09:13:27 -Mapped URL path [/**/favicon.ico] onto handler of type [class org.springframework.web.servlet.resource.ResourceHttpRequestHandler]
2018-08-02 09:13:27 -Looking for @ControllerAdvice: org.springframework.boot.web.servlet.context.AnnotationConfigServletWebServerApplicationContext@48d5f34e: startup date [Thu Aug 02 09:13:25 CST 2018]; root of context hierarchy
2018-08-02 09:13:27 -Mapped "{[/market/get/info],methods=[POST]}" onto public org.springframework.http.ResponseEntity<com.niule.market.util.MessageInfo<com.niule.market.model.AdvertMakeInfo>> com.niule.market.controller.AdvertController.getAdvertMakeInfo(com.niule.market.model.AdvertParamModel) throws java.lang.Exception
2018-08-02 09:13:27 -Mapped "{[/market/count],methods=[GET]}" onto public org.springframework.http.ResponseEntity<com.github.pagehelper.PageInfo<com.niule.market.dao.model.AuthNo>> com.niule.market.controller.CountController.getInfo(java.lang.String,java.lang.Integer,java.lang.Integer)
2018-08-02 09:13:27 -Mapped "{[/market/record],methods=[POST]}" onto public void com.niule.market.controller.RecordController.record(javax.servlet.http.HttpServletRequest,java.lang.Integer,java.lang.Integer,java.lang.Integer)
2018-08-02 09:13:27 -Mapped "{[/error]}" onto public org.springframework.http.ResponseEntity<java.util.Map<java.lang.String, java.lang.Object>> org.springframework.boot.autoconfigure.web.servlet.error.BasicErrorController.error(javax.servlet.http.HttpServletRequest)
2018-08-02 09:13:27 -Mapped "{[/error],produces=[text/html]}" onto public org.springframework.web.servlet.ModelAndView org.springframework.boot.autoconfigure.web.servlet.error.BasicErrorController.errorHtml(javax.servlet.http.HttpServletRequest,javax.servlet.http.HttpServletResponse)
2018-08-02 09:13:27 -Mapped URL path [/webjars/**] onto handler of type [class org.springframework.web.servlet.resource.ResourceHttpRequestHandler]
2018-08-02 09:13:27 -Mapped URL path [/**] onto handler of type [class org.springframework.web.servlet.resource.ResourceHttpRequestHandler]
2018-08-02 09:13:28 -Registering beans for JMX exposure on startup
2018-08-02 09:13:28 -Bean with name 'readDatasource' has been autodetected for JMX exposure
2018-08-02 09:13:28 -Located MBean 'readDatasource': registering with JMX server as MBean [com.zaxxer.hikari:name=readDatasource,type=HikariDataSource]
2018-08-02 09:13:28 -Starting ProtocolHandler ["http-nio-8088"]
2018-08-02 09:13:28 -Using a shared selector for servlet write/read
2018-08-02 09:13:28 -Tomcat started on port(s): 8088 (http) with context path ''
2018-08-02 09:14:28 -Initializing Spring FrameworkServlet 'dispatcherServlet'
2018-08-02 09:14:28 -FrameworkServlet 'dispatcherServlet': initialization started
2018-08-02 09:14:29 -FrameworkServlet 'dispatcherServlet': initialization completed in 30 ms
2018-08-02 09:14:38 -HikariPool-1 - Starting...
2018-08-02 09:14:38 -HikariPool-1 - Start completed.
2018-08-02 09:14:55 -Loading XML bean definitions from class path resource [org/springframework/jdbc/support/sql-error-codes.xml]
2018-08-02 09:14:55 -SQLErrorCodes loaded: [DB2, Derby, H2, HDB, HSQL, Informix, MS-SQL, MySQL, Oracle, PostgreSQL, Sybase]
2018-08-02 09:15:37 -Servlet.service() for servlet [dispatcherServlet] in context with path [] threw exception
java.io.FileNotFoundException: \home\www\images\dt.png (系统找不到指定的文件。)
	at java.io.FileInputStream.open0(Native Method)
	at java.io.FileInputStream.open(FileInputStream.java:195)
	at java.io.FileInputStream.<init>(FileInputStream.java:138)
	at java.io.FileInputStream.<init>(FileInputStream.java:93)
	at com.niule.market.service.AdvertService.getInviteShareInfo(AdvertService.java:169)
	at com.niule.market.service.AdvertService.makeAdvertV1(AdvertService.java:128)
	at com.niule.market.controller.AdvertController.getAdvertMakeInfo(AdvertController.java:31)
	at sun.reflect.NativeMethodAccessorImpl.invoke0(Native Method)
	at sun.reflect.NativeMethodAccessorImpl.invoke(NativeMethodAccessorImpl.java:62)
	at sun.reflect.DelegatingMethodAccessorImpl.invoke(DelegatingMethodAccessorImpl.java:43)
	at java.lang.reflect.Method.invoke(Method.java:498)
	at org.springframework.web.method.support.InvocableHandlerMethod.doInvoke(InvocableHandlerMethod.java:209)
	at org.springframework.web.method.support.InvocableHandlerMethod.invokeForRequest(InvocableHandlerMethod.java:136)
	at org.springframework.web.servlet.mvc.method.annotation.ServletInvocableHandlerMethod.invokeAndHandle(ServletInvocableHandlerMethod.java:102)
	at org.springframework.web.servlet.mvc.method.annotation.RequestMappingHandlerAdapter.invokeHandlerMethod(RequestMappingHandlerAdapter.java:877)
	at org.springframework.web.servlet.mvc.method.annotation.RequestMappingHandlerAdapter.handleInternal(RequestMappingHandlerAdapter.java:783)
	at org.springframework.web.servlet.mvc.method.AbstractHandlerMethodAdapter.handle(AbstractHandlerMethodAdapter.java:87)
	at org.springframework.web.servlet.DispatcherServlet.doDispatch(DispatcherServlet.java:991)
	at org.springframework.web.servlet.DispatcherServlet.doService(DispatcherServlet.java:925)
	at org.springframework.web.servlet.FrameworkServlet.processRequest(FrameworkServlet.java:974)
	at org.springframework.web.servlet.FrameworkServlet.doPost(FrameworkServlet.java:877)
	at javax.servlet.http.HttpServlet.service(HttpServlet.java:661)
	at org.springframework.web.servlet.FrameworkServlet.service(FrameworkServlet.java:851)
	at javax.servlet.http.HttpServlet.service(HttpServlet.java:742)
	at org.apache.catalina.core.ApplicationFilterChain.internalDoFilter(ApplicationFilterChain.java:231)
	at org.apache.catalina.core.ApplicationFilterChain.doFilter(ApplicationFilterChain.java:166)
	at org.apache.tomcat.websocket.server.WsFilter.doFilter(WsFilter.java:52)
	at org.apache.catalina.core.ApplicationFilterChain.internalDoFilter(ApplicationFilterChain.java:193)
	at org.apache.catalina.core.ApplicationFilterChain.doFilter(ApplicationFilterChain.java:166)
	at org.springframework.web.filter.RequestContextFilter.doFilterInternal(RequestContextFilter.java:99)
	at org.springframework.web.filter.OncePerRequestFilter.doFilter(OncePerRequestFilter.java:107)
	at org.apache.catalina.core.ApplicationFilterChain.internalDoFilter(ApplicationFilterChain.java:193)
	at org.apache.catalina.core.ApplicationFilterChain.doFilter(ApplicationFilterChain.java:166)
	at org.springframework.web.filter.HttpPutFormContentFilter.doFilterInternal(HttpPutFormContentFilter.java:109)
	at org.springframework.web.filter.OncePerRequestFilter.doFilter(OncePerRequestFilter.java:107)
	at org.apache.catalina.core.ApplicationFilterChain.internalDoFilter(ApplicationFilterChain.java:193)
	at org.apache.catalina.core.ApplicationFilterChain.doFilter(ApplicationFilterChain.java:166)
	at org.springframework.web.filter.HiddenHttpMethodFilter.doFilterInternal(HiddenHttpMethodFilter.java:93)
	at org.springframework.web.filter.OncePerRequestFilter.doFilter(OncePerRequestFilter.java:107)
	at org.apache.catalina.core.ApplicationFilterChain.internalDoFilter(ApplicationFilterChain.java:193)
	at org.apache.catalina.core.ApplicationFilterChain.doFilter(ApplicationFilterChain.java:166)
	at org.springframework.web.filter.CharacterEncodingFilter.doFilterInternal(CharacterEncodingFilter.java:200)
	at org.springframework.web.filter.OncePerRequestFilter.doFilter(OncePerRequestFilter.java:107)
	at org.apache.catalina.core.ApplicationFilterChain.internalDoFilter(ApplicationFilterChain.java:193)
	at org.apache.catalina.core.ApplicationFilterChain.doFilter(ApplicationFilterChain.java:166)
	at org.apache.catalina.core.StandardWrapperValve.invoke(StandardWrapperValve.java:198)
	at org.apache.catalina.core.StandardContextValve.invoke(StandardContextValve.java:96)
	at org.apache.catalina.authenticator.AuthenticatorBase.invoke(AuthenticatorBase.java:496)
	at org.apache.catalina.core.StandardHostValve.invoke(StandardHostValve.java:140)
	at org.apache.catalina.valves.ErrorReportValve.invoke(ErrorReportValve.java:81)
	at org.apache.catalina.core.StandardEngineValve.invoke(StandardEngineValve.java:87)
	at org.apache.catalina.connector.CoyoteAdapter.service(CoyoteAdapter.java:342)
	at org.apache.coyote.http11.Http11Processor.service(Http11Processor.java:803)
	at org.apache.coyote.AbstractProcessorLight.process(AbstractProcessorLight.java:66)
	at org.apache.coyote.AbstractProtocol$ConnectionHandler.process(AbstractProtocol.java:790)
	at org.apache.tomcat.util.net.NioEndpoint$SocketProcessor.doRun(NioEndpoint.java:1468)
	at org.apache.tomcat.util.net.SocketProcessorBase.run(SocketProcessorBase.java:49)
	at java.util.concurrent.ThreadPoolExecutor.runWorker(ThreadPoolExecutor.java:1149)
	at java.util.concurrent.ThreadPoolExecutor$Worker.run(ThreadPoolExecutor.java:624)
	at org.apache.tomcat.util.threads.TaskThread$WrappingRunnable.run(TaskThread.java:61)
	at java.lang.Thread.run(Thread.java:748)
2018-08-02 09:17:50 -Refreshing org.springframework.boot.web.servlet.context.AnnotationConfigServletWebServerApplicationContext@767e20cf: startup date [Thu Aug 02 09:17:50 CST 2018]; root of context hierarchy
2018-08-02 09:17:51 -No MyBatis mapper was found in '[com.niule.market]' package. Please check your configuration.
2018-08-02 09:17:51 -Cannot enhance @Configuration bean definition 'myBatisMapperScannerConfig' since its singleton instance has been created too early. The typical cause is a non-static @Bean method with a BeanDefinitionRegistryPostProcessor return type: Consider declaring such methods as 'static'.
2018-08-02 09:17:51 -Tomcat initialized with port(s): 8088 (http)
2018-08-02 09:17:51 -Initializing ProtocolHandler ["http-nio-8088"]
2018-08-02 09:17:51 -Starting service [Tomcat]
2018-08-02 09:17:51 -Starting Servlet Engine: Apache Tomcat/8.5.31
2018-08-02 09:17:51 -The APR based Apache Tomcat Native library which allows optimal performance in production environments was not found on the java.library.path: [D:\Java\jdk1.8.0_172\bin;C:\WINDOWS\Sun\Java\bin;C:\WINDOWS\system32;C:\WINDOWS;C:\Program Files (x86)\Common Files\Oracle\Java\javapath;C:\ProgramData\Oracle\Java\javapath;C:\WINDOWS\system32;C:\WINDOWS;C:\WINDOWS\System32\Wbem;C:\WINDOWS\System32\WindowsPowerShell\v1.0\;D:\javaSoftware\mySql\bin;D:\javaSoftware\jdk1.8\jdk\bin;D:\javaSoftware\SVN\bin;D:\Git Tortoise\bin;D:\javaSoftware\tomcat8\bin;D:\javaSoftware\gradle-4.8.1\bin;D:\javaSoftware\apache-maven-3.5.4\bin;D:\Java\jdk1.8.0_172\bin;D:\javaSoftware\redis-server;D:\javaSoftware\Git\Git\bin;D:\javaSoftware\db2\BIN;D:\javaSoftware\db2\FUNCTION;D:\javaSoftware\db2\SAMPLES\REPL;D:\Microsoft VS Code\bin;C:\Users\admin\AppData\Local\Microsoft\WindowsApps;.]
2018-08-02 09:17:52 -Initializing Spring embedded WebApplicationContext
2018-08-02 09:17:52 -Root WebApplicationContext: initialization completed in 1449 ms
2018-08-02 09:17:52 -Servlet dispatcherServlet mapped to [/]
2018-08-02 09:17:52 -Servlet userPicture mapped to [/user/picture]
2018-08-02 09:17:52 -Mapping filter: 'characterEncodingFilter' to: [/*]
2018-08-02 09:17:52 -Mapping filter: 'hiddenHttpMethodFilter' to: [/*]
2018-08-02 09:17:52 -Mapping filter: 'httpPutFormContentFilter' to: [/*]
2018-08-02 09:17:52 -Mapping filter: 'requestContextFilter' to: [/*]
2018-08-02 09:17:53 -Mapped URL path [/**/favicon.ico] onto handler of type [class org.springframework.web.servlet.resource.ResourceHttpRequestHandler]
2018-08-02 09:17:53 -Looking for @ControllerAdvice: org.springframework.boot.web.servlet.context.AnnotationConfigServletWebServerApplicationContext@767e20cf: startup date [Thu Aug 02 09:17:50 CST 2018]; root of context hierarchy
2018-08-02 09:17:53 -Mapped "{[/market/get/info],methods=[POST]}" onto public org.springframework.http.ResponseEntity<com.niule.market.util.MessageInfo<com.niule.market.model.AdvertMakeInfo>> com.niule.market.controller.AdvertController.getAdvertMakeInfo(com.niule.market.model.AdvertParamModel) throws java.lang.Exception
2018-08-02 09:17:53 -Mapped "{[/market/count],methods=[GET]}" onto public org.springframework.http.ResponseEntity<com.github.pagehelper.PageInfo<com.niule.market.dao.model.AuthNo>> com.niule.market.controller.CountController.getInfo(java.lang.String,java.lang.Integer,java.lang.Integer)
2018-08-02 09:17:53 -Mapped "{[/market/record],methods=[POST]}" onto public void com.niule.market.controller.RecordController.record(javax.servlet.http.HttpServletRequest,java.lang.Integer,java.lang.Integer,java.lang.Integer)
2018-08-02 09:17:53 -Mapped "{[/error]}" onto public org.springframework.http.ResponseEntity<java.util.Map<java.lang.String, java.lang.Object>> org.springframework.boot.autoconfigure.web.servlet.error.BasicErrorController.error(javax.servlet.http.HttpServletRequest)
2018-08-02 09:17:53 -Mapped "{[/error],produces=[text/html]}" onto public org.springframework.web.servlet.ModelAndView org.springframework.boot.autoconfigure.web.servlet.error.BasicErrorController.errorHtml(javax.servlet.http.HttpServletRequest,javax.servlet.http.HttpServletResponse)
2018-08-02 09:17:53 -Mapped URL path [/webjars/**] onto handler of type [class org.springframework.web.servlet.resource.ResourceHttpRequestHandler]
2018-08-02 09:17:53 -Mapped URL path [/**] onto handler of type [class org.springframework.web.servlet.resource.ResourceHttpRequestHandler]
2018-08-02 09:17:53 -Registering beans for JMX exposure on startup
2018-08-02 09:17:53 -Bean with name 'readDatasource' has been autodetected for JMX exposure
2018-08-02 09:17:53 -Located MBean 'readDatasource': registering with JMX server as MBean [com.zaxxer.hikari:name=readDatasource,type=HikariDataSource]
2018-08-02 09:17:53 -Starting ProtocolHandler ["http-nio-8088"]
2018-08-02 09:17:53 -Using a shared selector for servlet write/read
2018-08-02 09:17:53 -Tomcat started on port(s): 8088 (http) with context path ''
2018-08-02 09:18:03 -Initializing Spring FrameworkServlet 'dispatcherServlet'
2018-08-02 09:18:03 -FrameworkServlet 'dispatcherServlet': initialization started
2018-08-02 09:18:03 -FrameworkServlet 'dispatcherServlet': initialization completed in 24 ms
2018-08-02 09:18:08 -HikariPool-1 - Starting...
2018-08-02 09:18:08 -HikariPool-1 - Start completed.
2018-08-02 09:18:12 -Loading XML bean definitions from class path resource [org/springframework/jdbc/support/sql-error-codes.xml]
2018-08-02 09:18:12 -SQLErrorCodes loaded: [DB2, Derby, H2, HDB, HSQL, Informix, MS-SQL, MySQL, Oracle, PostgreSQL, Sybase]
2018-08-02 09:20:49 -Refreshing org.springframework.boot.web.servlet.context.AnnotationConfigServletWebServerApplicationContext@5b619d14: startup date [Thu Aug 02 09:20:49 CST 2018]; root of context hierarchy
2018-08-02 09:20:50 -No MyBatis mapper was found in '[com.niule.market]' package. Please check your configuration.
2018-08-02 09:20:50 -Cannot enhance @Configuration bean definition 'myBatisMapperScannerConfig' since its singleton instance has been created too early. The typical cause is a non-static @Bean method with a BeanDefinitionRegistryPostProcessor return type: Consider declaring such methods as 'static'.
2018-08-02 09:20:50 -Tomcat initialized with port(s): 8088 (http)
2018-08-02 09:20:50 -Initializing ProtocolHandler ["http-nio-8088"]
2018-08-02 09:20:50 -Starting service [Tomcat]
2018-08-02 09:20:50 -Starting Servlet Engine: Apache Tomcat/8.5.31
2018-08-02 09:20:50 -The APR based Apache Tomcat Native library which allows optimal performance in production environments was not found on the java.library.path: [D:\Java\jdk1.8.0_172\bin;C:\WINDOWS\Sun\Java\bin;C:\WINDOWS\system32;C:\WINDOWS;C:\Program Files (x86)\Common Files\Oracle\Java\javapath;C:\ProgramData\Oracle\Java\javapath;C:\WINDOWS\system32;C:\WINDOWS;C:\WINDOWS\System32\Wbem;C:\WINDOWS\System32\WindowsPowerShell\v1.0\;D:\javaSoftware\mySql\bin;D:\javaSoftware\jdk1.8\jdk\bin;D:\javaSoftware\SVN\bin;D:\Git Tortoise\bin;D:\javaSoftware\tomcat8\bin;D:\javaSoftware\gradle-4.8.1\bin;D:\javaSoftware\apache-maven-3.5.4\bin;D:\Java\jdk1.8.0_172\bin;D:\javaSoftware\redis-server;D:\javaSoftware\Git\Git\bin;D:\javaSoftware\db2\BIN;D:\javaSoftware\db2\FUNCTION;D:\javaSoftware\db2\SAMPLES\REPL;D:\Microsoft VS Code\bin;C:\Users\admin\AppData\Local\Microsoft\WindowsApps;.]
2018-08-02 09:20:51 -Initializing Spring embedded WebApplicationContext
2018-08-02 09:20:51 -Root WebApplicationContext: initialization completed in 1501 ms
2018-08-02 09:20:51 -Servlet dispatcherServlet mapped to [/]
2018-08-02 09:20:51 -Servlet userPicture mapped to [/user/picture]
2018-08-02 09:20:51 -Mapping filter: 'characterEncodingFilter' to: [/*]
2018-08-02 09:20:51 -Mapping filter: 'hiddenHttpMethodFilter' to: [/*]
2018-08-02 09:20:51 -Mapping filter: 'httpPutFormContentFilter' to: [/*]
2018-08-02 09:20:51 -Mapping filter: 'requestContextFilter' to: [/*]
2018-08-02 09:20:52 -Mapped URL path [/**/favicon.ico] onto handler of type [class org.springframework.web.servlet.resource.ResourceHttpRequestHandler]
2018-08-02 09:20:52 -Looking for @ControllerAdvice: org.springframework.boot.web.servlet.context.AnnotationConfigServletWebServerApplicationContext@5b619d14: startup date [Thu Aug 02 09:20:49 CST 2018]; root of context hierarchy
2018-08-02 09:20:52 -Mapped "{[/market/get/info],methods=[POST]}" onto public org.springframework.http.ResponseEntity<com.niule.market.util.MessageInfo<com.niule.market.model.AdvertMakeInfo>> com.niule.market.controller.AdvertController.getAdvertMakeInfo(com.niule.market.model.AdvertParamModel) throws java.lang.Exception
2018-08-02 09:20:52 -Mapped "{[/market/count],methods=[GET]}" onto public org.springframework.http.ResponseEntity<com.github.pagehelper.PageInfo<com.niule.market.dao.model.AuthNo>> com.niule.market.controller.CountController.getInfo(java.lang.String,java.lang.Integer,java.lang.Integer)
2018-08-02 09:20:52 -Mapped "{[/market/record],methods=[POST]}" onto public void com.niule.market.controller.RecordController.record(javax.servlet.http.HttpServletRequest,java.lang.Integer,java.lang.Integer,java.lang.Integer)
2018-08-02 09:20:52 -Mapped "{[/error]}" onto public org.springframework.http.ResponseEntity<java.util.Map<java.lang.String, java.lang.Object>> org.springframework.boot.autoconfigure.web.servlet.error.BasicErrorController.error(javax.servlet.http.HttpServletRequest)
2018-08-02 09:20:52 -Mapped "{[/error],produces=[text/html]}" onto public org.springframework.web.servlet.ModelAndView org.springframework.boot.autoconfigure.web.servlet.error.BasicErrorController.errorHtml(javax.servlet.http.HttpServletRequest,javax.servlet.http.HttpServletResponse)
2018-08-02 09:20:52 -Mapped URL path [/webjars/**] onto handler of type [class org.springframework.web.servlet.resource.ResourceHttpRequestHandler]
2018-08-02 09:20:52 -Mapped URL path [/**] onto handler of type [class org.springframework.web.servlet.resource.ResourceHttpRequestHandler]
2018-08-02 09:20:52 -Registering beans for JMX exposure on startup
2018-08-02 09:20:52 -Bean with name 'readDatasource' has been autodetected for JMX exposure
2018-08-02 09:20:52 -Located MBean 'readDatasource': registering with JMX server as MBean [com.zaxxer.hikari:name=readDatasource,type=HikariDataSource]
2018-08-02 09:20:52 -Starting ProtocolHandler ["http-nio-8088"]
2018-08-02 09:20:52 -Using a shared selector for servlet write/read
2018-08-02 09:20:52 -Tomcat started on port(s): 8088 (http) with context path ''
2018-08-02 09:21:34 -Initializing Spring FrameworkServlet 'dispatcherServlet'
2018-08-02 09:21:34 -FrameworkServlet 'dispatcherServlet': initialization started
2018-08-02 09:21:34 -FrameworkServlet 'dispatcherServlet': initialization completed in 26 ms
2018-08-02 09:21:34 -HikariPool-1 - Starting...
2018-08-02 09:21:34 -HikariPool-1 - Start completed.
2018-08-02 09:23:32 -Loading XML bean definitions from class path resource [org/springframework/jdbc/support/sql-error-codes.xml]
2018-08-02 09:23:32 -SQLErrorCodes loaded: [DB2, Derby, H2, HDB, HSQL, Informix, MS-SQL, MySQL, Oracle, PostgreSQL, Sybase]
2018-08-02 09:38:43 -Refreshing org.springframework.boot.web.servlet.context.AnnotationConfigServletWebServerApplicationContext@3568f9d2: startup date [Thu Aug 02 09:38:43 CST 2018]; root of context hierarchy
2018-08-02 09:38:43 -No MyBatis mapper was found in '[com.niule.market]' package. Please check your configuration.
2018-08-02 09:38:43 -Cannot enhance @Configuration bean definition 'myBatisMapperScannerConfig' since its singleton instance has been created too early. The typical cause is a non-static @Bean method with a BeanDefinitionRegistryPostProcessor return type: Consider declaring such methods as 'static'.
2018-08-02 09:38:44 -Tomcat initialized with port(s): 8088 (http)
2018-08-02 09:38:44 -Initializing ProtocolHandler ["http-nio-8088"]
2018-08-02 09:38:44 -Starting service [Tomcat]
2018-08-02 09:38:44 -Starting Servlet Engine: Apache Tomcat/8.5.31
2018-08-02 09:38:44 -The APR based Apache Tomcat Native library which allows optimal performance in production environments was not found on the java.library.path: [D:\Java\jdk1.8.0_172\bin;C:\WINDOWS\Sun\Java\bin;C:\WINDOWS\system32;C:\WINDOWS;C:\Program Files (x86)\Common Files\Oracle\Java\javapath;C:\ProgramData\Oracle\Java\javapath;C:\WINDOWS\system32;C:\WINDOWS;C:\WINDOWS\System32\Wbem;C:\WINDOWS\System32\WindowsPowerShell\v1.0\;D:\javaSoftware\mySql\bin;D:\javaSoftware\jdk1.8\jdk\bin;D:\javaSoftware\SVN\bin;D:\Git Tortoise\bin;D:\javaSoftware\tomcat8\bin;D:\javaSoftware\gradle-4.8.1\bin;D:\javaSoftware\apache-maven-3.5.4\bin;D:\Java\jdk1.8.0_172\bin;D:\javaSoftware\redis-server;D:\javaSoftware\Git\Git\bin;D:\javaSoftware\db2\BIN;D:\javaSoftware\db2\FUNCTION;D:\javaSoftware\db2\SAMPLES\REPL;D:\Microsoft VS Code\bin;C:\Users\admin\AppData\Local\Microsoft\WindowsApps;.]
2018-08-02 09:38:44 -Initializing Spring embedded WebApplicationContext
2018-08-02 09:38:44 -Root WebApplicationContext: initialization completed in 1569 ms
2018-08-02 09:38:44 -Servlet dispatcherServlet mapped to [/]
2018-08-02 09:38:44 -Servlet userPicture mapped to [/user/picture]
2018-08-02 09:38:44 -Mapping filter: 'characterEncodingFilter' to: [/*]
2018-08-02 09:38:44 -Mapping filter: 'hiddenHttpMethodFilter' to: [/*]
2018-08-02 09:38:44 -Mapping filter: 'httpPutFormContentFilter' to: [/*]
2018-08-02 09:38:44 -Mapping filter: 'requestContextFilter' to: [/*]
2018-08-02 09:38:45 -Mapped URL path [/**/favicon.ico] onto handler of type [class org.springframework.web.servlet.resource.ResourceHttpRequestHandler]
2018-08-02 09:38:45 -Looking for @ControllerAdvice: org.springframework.boot.web.servlet.context.AnnotationConfigServletWebServerApplicationContext@3568f9d2: startup date [Thu Aug 02 09:38:43 CST 2018]; root of context hierarchy
2018-08-02 09:38:45 -Mapped "{[/market/get/info],methods=[POST]}" onto public org.springframework.http.ResponseEntity<com.niule.market.util.MessageInfo<com.niule.market.model.AdvertMakeInfo>> com.niule.market.controller.AdvertController.getAdvertMakeInfo(com.niule.market.model.AdvertParamModel) throws java.lang.Exception
2018-08-02 09:38:45 -Mapped "{[/market/count],methods=[GET]}" onto public org.springframework.http.ResponseEntity<com.github.pagehelper.PageInfo<com.niule.market.dao.model.AuthNo>> com.niule.market.controller.CountController.getInfo(java.lang.String,java.lang.Integer,java.lang.Integer)
2018-08-02 09:38:45 -Mapped "{[/market/record],methods=[POST]}" onto public void com.niule.market.controller.RecordController.record(javax.servlet.http.HttpServletRequest,java.lang.Integer,java.lang.Integer,java.lang.Integer)
2018-08-02 09:38:45 -Mapped "{[/error]}" onto public org.springframework.http.ResponseEntity<java.util.Map<java.lang.String, java.lang.Object>> org.springframework.boot.autoconfigure.web.servlet.error.BasicErrorController.error(javax.servlet.http.HttpServletRequest)
2018-08-02 09:38:45 -Mapped "{[/error],produces=[text/html]}" onto public org.springframework.web.servlet.ModelAndView org.springframework.boot.autoconfigure.web.servlet.error.BasicErrorController.errorHtml(javax.servlet.http.HttpServletRequest,javax.servlet.http.HttpServletResponse)
2018-08-02 09:38:45 -Mapped URL path [/webjars/**] onto handler of type [class org.springframework.web.servlet.resource.ResourceHttpRequestHandler]
2018-08-02 09:38:45 -Mapped URL path [/**] onto handler of type [class org.springframework.web.servlet.resource.ResourceHttpRequestHandler]
2018-08-02 09:38:46 -Registering beans for JMX exposure on startup
2018-08-02 09:38:46 -Bean with name 'readDatasource' has been autodetected for JMX exposure
2018-08-02 09:38:46 -Located MBean 'readDatasource': registering with JMX server as MBean [com.zaxxer.hikari:name=readDatasource,type=HikariDataSource]
2018-08-02 09:38:46 -Starting ProtocolHandler ["http-nio-8088"]
2018-08-02 09:38:46 -Using a shared selector for servlet write/read
2018-08-02 09:38:46 -Tomcat started on port(s): 8088 (http) with context path ''
2018-08-02 09:39:31 -Initializing Spring FrameworkServlet 'dispatcherServlet'
2018-08-02 09:39:31 -FrameworkServlet 'dispatcherServlet': initialization started
2018-08-02 09:39:31 -FrameworkServlet 'dispatcherServlet': initialization completed in 23 ms
2018-08-02 09:39:31 -HikariPool-1 - Starting...
2018-08-02 09:39:32 -HikariPool-1 - Start completed.
2018-08-02 09:59:15 -Refreshing org.springframework.boot.web.servlet.context.AnnotationConfigServletWebServerApplicationContext@5ee2b6f9: startup date [Thu Aug 02 09:59:15 CST 2018]; root of context hierarchy
2018-08-02 09:59:15 -No MyBatis mapper was found in '[com.niule.market]' package. Please check your configuration.
2018-08-02 09:59:16 -Cannot enhance @Configuration bean definition 'myBatisMapperScannerConfig' since its singleton instance has been created too early. The typical cause is a non-static @Bean method with a BeanDefinitionRegistryPostProcessor return type: Consider declaring such methods as 'static'.
2018-08-02 09:59:16 -Tomcat initialized with port(s): 8083 (http)
2018-08-02 09:59:16 -Initializing ProtocolHandler ["http-nio-8083"]
2018-08-02 09:59:16 -Starting service [Tomcat]
2018-08-02 09:59:16 -Starting Servlet Engine: Apache Tomcat/8.5.31
2018-08-02 09:59:16 -The APR based Apache Tomcat Native library which allows optimal performance in production environments was not found on the java.library.path: [D:\Java\jdk1.8.0_172\bin;C:\WINDOWS\Sun\Java\bin;C:\WINDOWS\system32;C:\WINDOWS;C:\Program Files (x86)\Common Files\Oracle\Java\javapath;C:\ProgramData\Oracle\Java\javapath;C:\WINDOWS\system32;C:\WINDOWS;C:\WINDOWS\System32\Wbem;C:\WINDOWS\System32\WindowsPowerShell\v1.0\;D:\javaSoftware\mySql\bin;D:\javaSoftware\jdk1.8\jdk\bin;D:\javaSoftware\SVN\bin;D:\Git Tortoise\bin;D:\javaSoftware\tomcat8\bin;D:\javaSoftware\gradle-4.8.1\bin;D:\javaSoftware\apache-maven-3.5.4\bin;D:\Java\jdk1.8.0_172\bin;D:\javaSoftware\redis-server;D:\javaSoftware\Git\Git\bin;D:\javaSoftware\db2\BIN;D:\javaSoftware\db2\FUNCTION;D:\javaSoftware\db2\SAMPLES\REPL;D:\Microsoft VS Code\bin;C:\Users\admin\AppData\Local\Microsoft\WindowsApps;.]
2018-08-02 09:59:16 -Initializing Spring embedded WebApplicationContext
2018-08-02 09:59:16 -Root WebApplicationContext: initialization completed in 1509 ms
2018-08-02 09:59:16 -Servlet dispatcherServlet mapped to [/]
2018-08-02 09:59:16 -Servlet userPicture mapped to [/user/picture]
2018-08-02 09:59:17 -Mapping filter: 'characterEncodingFilter' to: [/*]
2018-08-02 09:59:17 -Mapping filter: 'hiddenHttpMethodFilter' to: [/*]
2018-08-02 09:59:17 -Mapping filter: 'httpPutFormContentFilter' to: [/*]
2018-08-02 09:59:17 -Mapping filter: 'requestContextFilter' to: [/*]
2018-08-02 09:59:17 -Mapped URL path [/**/favicon.ico] onto handler of type [class org.springframework.web.servlet.resource.ResourceHttpRequestHandler]
2018-08-02 09:59:18 -Looking for @ControllerAdvice: org.springframework.boot.web.servlet.context.AnnotationConfigServletWebServerApplicationContext@5ee2b6f9: startup date [Thu Aug 02 09:59:15 CST 2018]; root of context hierarchy
2018-08-02 09:59:18 -Mapped "{[/market/get/info],methods=[POST]}" onto public org.springframework.http.ResponseEntity<com.niule.market.util.MessageInfo<com.niule.market.model.AdvertMakeInfo>> com.niule.market.controller.AdvertController.getAdvertMakeInfo(com.niule.market.model.AdvertParamModel) throws java.lang.Exception
2018-08-02 09:59:18 -Mapped "{[/market/count],methods=[GET]}" onto public org.springframework.http.ResponseEntity<com.github.pagehelper.PageInfo<com.niule.market.dao.model.AuthNo>> com.niule.market.controller.CountController.getInfo(java.lang.String,java.lang.Integer,java.lang.Integer)
2018-08-02 09:59:18 -Mapped "{[/market/record],methods=[POST]}" onto public void com.niule.market.controller.RecordController.record(javax.servlet.http.HttpServletRequest,java.lang.Integer,java.lang.Integer,java.lang.Integer)
2018-08-02 09:59:18 -Mapped "{[/error]}" onto public org.springframework.http.ResponseEntity<java.util.Map<java.lang.String, java.lang.Object>> org.springframework.boot.autoconfigure.web.servlet.error.BasicErrorController.error(javax.servlet.http.HttpServletRequest)
2018-08-02 09:59:18 -Mapped "{[/error],produces=[text/html]}" onto public org.springframework.web.servlet.ModelAndView org.springframework.boot.autoconfigure.web.servlet.error.BasicErrorController.errorHtml(javax.servlet.http.HttpServletRequest,javax.servlet.http.HttpServletResponse)
2018-08-02 09:59:18 -Mapped URL path [/webjars/**] onto handler of type [class org.springframework.web.servlet.resource.ResourceHttpRequestHandler]
2018-08-02 09:59:18 -Mapped URL path [/**] onto handler of type [class org.springframework.web.servlet.resource.ResourceHttpRequestHandler]
2018-08-02 09:59:18 -Registering beans for JMX exposure on startup
2018-08-02 09:59:18 -Bean with name 'readDatasource' has been autodetected for JMX exposure
2018-08-02 09:59:18 -Located MBean 'readDatasource': registering with JMX server as MBean [com.zaxxer.hikari:name=readDatasource,type=HikariDataSource]
2018-08-02 09:59:18 -Starting ProtocolHandler ["http-nio-8083"]
2018-08-02 09:59:18 -Using a shared selector for servlet write/read
2018-08-02 09:59:18 -Tomcat started on port(s): 8083 (http) with context path ''
2018-08-02 18:05:48 -Refreshing org.springframework.web.context.support.GenericWebApplicationContext@4cc7393b: startup date [Thu Aug 02 18:05:48 CST 2018]; root of context hierarchy
2018-08-02 18:05:49 -No MyBatis mapper was found in '[com.niule.market]' package. Please check your configuration.
2018-08-02 18:05:49 -Cannot enhance @Configuration bean definition 'myBatisMapperScannerConfig' since its singleton instance has been created too early. The typical cause is a non-static @Bean method with a BeanDefinitionRegistryPostProcessor return type: Consider declaring such methods as 'static'.
2018-08-02 18:05:51 -Mapped URL path [/**/favicon.ico] onto handler of type [class org.springframework.web.servlet.resource.ResourceHttpRequestHandler]
2018-08-02 18:05:51 -Looking for @ControllerAdvice: org.springframework.web.context.support.GenericWebApplicationContext@4cc7393b: startup date [Thu Aug 02 18:05:48 CST 2018]; root of context hierarchy
2018-08-02 18:05:51 -Mapped "{[/market/get/info],methods=[POST]}" onto public org.springframework.http.ResponseEntity<com.niule.market.util.MessageInfo<com.niule.market.model.AdvertMakeInfo>> com.niule.market.controller.AdvertController.getAdvertMakeInfo(com.niule.market.model.AdvertParamModel) throws java.lang.Exception
2018-08-02 18:05:51 -Mapped "{[/market/count],methods=[GET]}" onto public org.springframework.http.ResponseEntity<com.github.pagehelper.PageInfo<com.niule.market.dao.model.AuthNo>> com.niule.market.controller.CountController.getInfo(java.lang.String,java.lang.Integer,java.lang.Integer)
2018-08-02 18:05:51 -Mapped "{[/market/record],methods=[POST]}" onto public void com.niule.market.controller.RecordController.record(javax.servlet.http.HttpServletRequest,java.lang.Integer,java.lang.Integer,java.lang.Integer)
2018-08-02 18:05:51 -Mapped "{[/error]}" onto public org.springframework.http.ResponseEntity<java.util.Map<java.lang.String, java.lang.Object>> org.springframework.boot.autoconfigure.web.servlet.error.BasicErrorController.error(javax.servlet.http.HttpServletRequest)
2018-08-02 18:05:51 -Mapped "{[/error],produces=[text/html]}" onto public org.springframework.web.servlet.ModelAndView org.springframework.boot.autoconfigure.web.servlet.error.BasicErrorController.errorHtml(javax.servlet.http.HttpServletRequest,javax.servlet.http.HttpServletResponse)
2018-08-02 18:05:51 -Mapped URL path [/webjars/**] onto handler of type [class org.springframework.web.servlet.resource.ResourceHttpRequestHandler]
2018-08-02 18:05:51 -Mapped URL path [/**] onto handler of type [class org.springframework.web.servlet.resource.ResourceHttpRequestHandler]
2018-08-02 18:05:52 -HikariPool-1 - Starting...
2018-08-02 18:05:52 -HikariPool-1 - Start completed.
2018-08-02 18:05:52 -Neither @ContextConfiguration nor @ContextHierarchy found for test class [com.niule.market.dao.ChannelMapperTest], using SpringBootContextLoader
2018-08-02 18:05:52 -Could not detect default resource locations for test class [com.niule.market.dao.ChannelMapperTest]: no resource found for suffixes {-context.xml, Context.groovy}.
2018-08-02 18:05:52 -Loaded default TestExecutionListener class names from location [META-INF/spring.factories]: [org.springframework.boot.test.autoconfigure.restdocs.RestDocsTestExecutionListener, org.springframework.boot.test.autoconfigure.web.client.MockRestServiceServerResetTestExecutionListener, org.springframework.boot.test.autoconfigure.web.servlet.MockMvcPrintOnlyOnFailureTestExecutionListener, org.springframework.boot.test.autoconfigure.web.servlet.WebDriverTestExecutionListener, org.springframework.boot.test.mock.mockito.MockitoTestExecutionListener, org.springframework.boot.test.mock.mockito.ResetMocksTestExecutionListener, org.springframework.test.context.web.ServletTestExecutionListener, org.springframework.test.context.support.DirtiesContextBeforeModesTestExecutionListener, org.springframework.test.context.support.DependencyInjectionTestExecutionListener, org.springframework.test.context.support.DirtiesContextTestExecutionListener, org.springframework.test.context.transaction.TransactionalTestExecutionListener, org.springframework.test.context.jdbc.SqlScriptsTestExecutionListener]
2018-08-02 18:05:52 -Using TestExecutionListeners: [org.springframework.test.context.web.ServletTestExecutionListener@76992c5a, org.springframework.test.context.support.DirtiesContextBeforeModesTestExecutionListener@1cdd9c8d, org.springframework.boot.test.mock.mockito.MockitoTestExecutionListener@4f5ae44a, org.springframework.boot.test.autoconfigure.SpringBootDependencyInjectionTestExecutionListener@53cf64c3, org.springframework.test.context.support.DirtiesContextTestExecutionListener@6c0b691c, org.springframework.test.context.transaction.TransactionalTestExecutionListener@1cc2a9e4, org.springframework.test.context.jdbc.SqlScriptsTestExecutionListener@4a27682, org.springframework.boot.test.autoconfigure.restdocs.RestDocsTestExecutionListener@2c63f3a9, org.springframework.boot.test.autoconfigure.web.client.MockRestServiceServerResetTestExecutionListener@1b172cb0, org.springframework.boot.test.autoconfigure.web.servlet.MockMvcPrintOnlyOnFailureTestExecutionListener@12133bbf, org.springframework.boot.test.autoconfigure.web.servlet.WebDriverTestExecutionListener@5924919, org.springframework.boot.test.mock.mockito.ResetMocksTestExecutionListener@36df1cb9]
2018-08-02 18:05:52 -Neither @ContextConfiguration nor @ContextHierarchy found for test class [com.niule.market.MarketingApplicationTests], using SpringBootContextLoader
2018-08-02 18:05:52 -Could not detect default resource locations for test class [com.niule.market.MarketingApplicationTests]: no resource found for suffixes {-context.xml, Context.groovy}.
2018-08-02 18:05:52 -Could not detect default configuration classes for test class [com.niule.market.MarketingApplicationTests]: MarketingApplicationTests does not declare any static, non-private, non-final, nested classes annotated with @Configuration.
2018-08-02 18:05:52 -Found @SpringBootConfiguration com.niule.market.MarketingApplication for test class com.niule.market.MarketingApplicationTests
2018-08-02 18:05:52 -Loaded default TestExecutionListener class names from location [META-INF/spring.factories]: [org.springframework.boot.test.autoconfigure.restdocs.RestDocsTestExecutionListener, org.springframework.boot.test.autoconfigure.web.client.MockRestServiceServerResetTestExecutionListener, org.springframework.boot.test.autoconfigure.web.servlet.MockMvcPrintOnlyOnFailureTestExecutionListener, org.springframework.boot.test.autoconfigure.web.servlet.WebDriverTestExecutionListener, org.springframework.boot.test.mock.mockito.MockitoTestExecutionListener, org.springframework.boot.test.mock.mockito.ResetMocksTestExecutionListener, org.springframework.test.context.web.ServletTestExecutionListener, org.springframework.test.context.support.DirtiesContextBeforeModesTestExecutionListener, org.springframework.test.context.support.DependencyInjectionTestExecutionListener, org.springframework.test.context.support.DirtiesContextTestExecutionListener, org.springframework.test.context.transaction.TransactionalTestExecutionListener, org.springframework.test.context.jdbc.SqlScriptsTestExecutionListener]
2018-08-02 18:05:52 -Using TestExecutionListeners: [org.springframework.test.context.web.ServletTestExecutionListener@34232c37, org.springframework.test.context.support.DirtiesContextBeforeModesTestExecutionListener@7ae986dd, org.springframework.boot.test.mock.mockito.MockitoTestExecutionListener@65c2e51c, org.springframework.boot.test.autoconfigure.SpringBootDependencyInjectionTestExecutionListener@591aa10d, org.springframework.test.context.support.DirtiesContextTestExecutionListener@74756c8d, org.springframework.test.context.transaction.TransactionalTestExecutionListener@429cc3b0, org.springframework.test.context.jdbc.SqlScriptsTestExecutionListener@308434fa, org.springframework.boot.test.autoconfigure.restdocs.RestDocsTestExecutionListener@3c9ae92e, org.springframework.boot.test.autoconfigure.web.client.MockRestServiceServerResetTestExecutionListener@63d4fb34, org.springframework.boot.test.autoconfigure.web.servlet.MockMvcPrintOnlyOnFailureTestExecutionListener@477135bd, org.springframework.boot.test.autoconfigure.web.servlet.WebDriverTestExecutionListener@5643fa4d, org.springframework.boot.test.mock.mockito.ResetMocksTestExecutionListener@3d7bba32]
2018-08-02 18:05:52 -Refreshing org.springframework.web.context.support.GenericWebApplicationContext@a87ee21: startup date [Thu Aug 02 18:05:52 CST 2018]; root of context hierarchy
2018-08-02 18:05:52 -No MyBatis mapper was found in '[com.niule.market]' package. Please check your configuration.
2018-08-02 18:05:53 -Cannot enhance @Configuration bean definition 'myBatisMapperScannerConfig' since its singleton instance has been created too early. The typical cause is a non-static @Bean method with a BeanDefinitionRegistryPostProcessor return type: Consider declaring such methods as 'static'.
2018-08-02 18:05:53 -Mapped URL path [/**/favicon.ico] onto handler of type [class org.springframework.web.servlet.resource.ResourceHttpRequestHandler]
2018-08-02 18:05:54 -Looking for @ControllerAdvice: org.springframework.web.context.support.GenericWebApplicationContext@a87ee21: startup date [Thu Aug 02 18:05:52 CST 2018]; root of context hierarchy
2018-08-02 18:05:54 -Mapped "{[/market/get/info],methods=[POST]}" onto public org.springframework.http.ResponseEntity<com.niule.market.util.MessageInfo<com.niule.market.model.AdvertMakeInfo>> com.niule.market.controller.AdvertController.getAdvertMakeInfo(com.niule.market.model.AdvertParamModel) throws java.lang.Exception
2018-08-02 18:05:54 -Mapped "{[/market/count],methods=[GET]}" onto public org.springframework.http.ResponseEntity<com.github.pagehelper.PageInfo<com.niule.market.dao.model.AuthNo>> com.niule.market.controller.CountController.getInfo(java.lang.String,java.lang.Integer,java.lang.Integer)
2018-08-02 18:05:54 -Mapped "{[/market/record],methods=[POST]}" onto public void com.niule.market.controller.RecordController.record(javax.servlet.http.HttpServletRequest,java.lang.Integer,java.lang.Integer,java.lang.Integer)
2018-08-02 18:05:54 -Mapped "{[/error]}" onto public org.springframework.http.ResponseEntity<java.util.Map<java.lang.String, java.lang.Object>> org.springframework.boot.autoconfigure.web.servlet.error.BasicErrorController.error(javax.servlet.http.HttpServletRequest)
2018-08-02 18:05:54 -Mapped "{[/error],produces=[text/html]}" onto public org.springframework.web.servlet.ModelAndView org.springframework.boot.autoconfigure.web.servlet.error.BasicErrorController.errorHtml(javax.servlet.http.HttpServletRequest,javax.servlet.http.HttpServletResponse)
2018-08-02 18:05:54 -Mapped URL path [/webjars/**] onto handler of type [class org.springframework.web.servlet.resource.ResourceHttpRequestHandler]
2018-08-02 18:05:54 -Mapped URL path [/**] onto handler of type [class org.springframework.web.servlet.resource.ResourceHttpRequestHandler]
2018-08-02 18:05:54 -Closing org.springframework.web.context.support.GenericWebApplicationContext@4cc7393b: startup date [Thu Aug 02 18:05:48 CST 2018]; root of context hierarchy
2018-08-02 18:05:54 -Closing org.springframework.web.context.support.GenericWebApplicationContext@a87ee21: startup date [Thu Aug 02 18:05:52 CST 2018]; root of context hierarchy
2018-08-02 18:05:54 -HikariPool-1 - Shutdown initiated...
2018-08-02 18:05:54 -HikariPool-1 - Shutdown completed.
2018-08-02 18:25:48 -Refreshing org.springframework.boot.web.servlet.context.AnnotationConfigServletWebServerApplicationContext@702657cc: startup date [Thu Aug 02 18:25:48 CST 2018]; root of context hierarchy
2018-08-02 18:25:49 -No MyBatis mapper was found in '[com.niule.market]' package. Please check your configuration.
2018-08-02 18:25:49 -Cannot enhance @Configuration bean definition 'myBatisMapperScannerConfig' since its singleton instance has been created too early. The typical cause is a non-static @Bean method with a BeanDefinitionRegistryPostProcessor return type: Consider declaring such methods as 'static'.
2018-08-02 18:25:49 -Tomcat initialized with port(s): 8083 (http)
2018-08-02 18:25:49 -Initializing ProtocolHandler ["http-nio-8083"]
2018-08-02 18:25:49 -Starting service [Tomcat]
2018-08-02 18:25:49 -Starting Servlet Engine: Apache Tomcat/8.5.31
2018-08-02 18:25:49 -The APR based Apache Tomcat Native library which allows optimal performance in production environments was not found on the java.library.path: [D:\Java\jdk1.8.0_172\bin;C:\WINDOWS\Sun\Java\bin;C:\WINDOWS\system32;C:\WINDOWS;C:\Program Files (x86)\Common Files\Oracle\Java\javapath;C:\ProgramData\Oracle\Java\javapath;C:\WINDOWS\system32;C:\WINDOWS;C:\WINDOWS\System32\Wbem;C:\WINDOWS\System32\WindowsPowerShell\v1.0\;D:\javaSoftware\mySql\bin;D:\javaSoftware\jdk1.8\jdk\bin;D:\javaSoftware\SVN\bin;D:\Git Tortoise\bin;D:\javaSoftware\tomcat8\bin;D:\javaSoftware\gradle-4.8.1\bin;D:\javaSoftware\apache-maven-3.5.4\bin;D:\Java\jdk1.8.0_172\bin;D:\javaSoftware\redis-server;D:\javaSoftware\Git\Git\bin;D:\javaSoftware\db2\BIN;D:\javaSoftware\db2\FUNCTION;D:\javaSoftware\db2\SAMPLES\REPL;D:\Microsoft VS Code\bin;C:\Users\admin\AppData\Local\Microsoft\WindowsApps;.]
2018-08-02 18:25:49 -Initializing Spring embedded WebApplicationContext
2018-08-02 18:25:49 -Root WebApplicationContext: initialization completed in 1378 ms
2018-08-02 18:25:49 -Servlet dispatcherServlet mapped to [/]
2018-08-02 18:25:49 -Servlet userPicture mapped to [/user/picture]
2018-08-02 18:25:49 -Mapping filter: 'characterEncodingFilter' to: [/*]
2018-08-02 18:25:49 -Mapping filter: 'hiddenHttpMethodFilter' to: [/*]
2018-08-02 18:25:49 -Mapping filter: 'httpPutFormContentFilter' to: [/*]
2018-08-02 18:25:49 -Mapping filter: 'requestContextFilter' to: [/*]
2018-08-02 18:25:50 -Mapped URL path [/**/favicon.ico] onto handler of type [class org.springframework.web.servlet.resource.ResourceHttpRequestHandler]
2018-08-02 18:25:51 -Looking for @ControllerAdvice: org.springframework.boot.web.servlet.context.AnnotationConfigServletWebServerApplicationContext@702657cc: startup date [Thu Aug 02 18:25:48 CST 2018]; root of context hierarchy
2018-08-02 18:25:51 -Mapped "{[/market/get/info],methods=[POST]}" onto public org.springframework.http.ResponseEntity<com.niule.market.util.MessageInfo<com.niule.market.model.AdvertMakeInfo>> com.niule.market.controller.AdvertController.getAdvertMakeInfo(com.niule.market.model.AdvertParamModel) throws java.lang.Exception
2018-08-02 18:25:51 -Mapped "{[/market/count],methods=[GET]}" onto public org.springframework.http.ResponseEntity<com.github.pagehelper.PageInfo<com.niule.market.dao.model.AuthNo>> com.niule.market.controller.CountController.getInfo(java.lang.String,java.lang.Integer,java.lang.Integer)
2018-08-02 18:25:51 -Mapped "{[/market/record],methods=[POST]}" onto public void com.niule.market.controller.RecordController.record(javax.servlet.http.HttpServletRequest,java.lang.Integer,java.lang.Integer,java.lang.Integer)
2018-08-02 18:25:51 -Mapped "{[/error]}" onto public org.springframework.http.ResponseEntity<java.util.Map<java.lang.String, java.lang.Object>> org.springframework.boot.autoconfigure.web.servlet.error.BasicErrorController.error(javax.servlet.http.HttpServletRequest)
2018-08-02 18:25:51 -Mapped "{[/error],produces=[text/html]}" onto public org.springframework.web.servlet.ModelAndView org.springframework.boot.autoconfigure.web.servlet.error.BasicErrorController.errorHtml(javax.servlet.http.HttpServletRequest,javax.servlet.http.HttpServletResponse)
2018-08-02 18:25:51 -Mapped URL path [/webjars/**] onto handler of type [class org.springframework.web.servlet.resource.ResourceHttpRequestHandler]
2018-08-02 18:25:51 -Mapped URL path [/**] onto handler of type [class org.springframework.web.servlet.resource.ResourceHttpRequestHandler]
2018-08-02 18:25:51 -Registering beans for JMX exposure on startup
2018-08-02 18:25:51 -Bean with name 'readDatasource' has been autodetected for JMX exposure
2018-08-02 18:25:51 -Located MBean 'readDatasource': registering with JMX server as MBean [com.zaxxer.hikari:name=readDatasource,type=HikariDataSource]
2018-08-02 18:25:51 -Starting ProtocolHandler ["http-nio-8083"]
2018-08-02 18:25:51 -Using a shared selector for servlet write/read
2018-08-02 18:25:51 -Tomcat started on port(s): 8083 (http) with context path ''
2018-08-02 18:26:47 -Refreshing org.springframework.boot.web.servlet.context.AnnotationConfigServletWebServerApplicationContext@3c41ed1d: startup date [Thu Aug 02 18:26:47 CST 2018]; root of context hierarchy
2018-08-02 18:26:47 -No MyBatis mapper was found in '[com.niule.market]' package. Please check your configuration.
2018-08-02 18:26:47 -Cannot enhance @Configuration bean definition 'myBatisMapperScannerConfig' since its singleton instance has been created too early. The typical cause is a non-static @Bean method with a BeanDefinitionRegistryPostProcessor return type: Consider declaring such methods as 'static'.
2018-08-02 18:26:48 -Tomcat initialized with port(s): 8083 (http)
2018-08-02 18:26:48 -Initializing ProtocolHandler ["http-nio-8083"]
2018-08-02 18:26:48 -Starting service [Tomcat]
2018-08-02 18:26:48 -Starting Servlet Engine: Apache Tomcat/8.5.31
2018-08-02 18:26:48 -The APR based Apache Tomcat Native library which allows optimal performance in production environments was not found on the java.library.path: [D:\Java\jdk1.8.0_172\bin;C:\WINDOWS\Sun\Java\bin;C:\WINDOWS\system32;C:\WINDOWS;C:\Program Files (x86)\Common Files\Oracle\Java\javapath;C:\ProgramData\Oracle\Java\javapath;C:\WINDOWS\system32;C:\WINDOWS;C:\WINDOWS\System32\Wbem;C:\WINDOWS\System32\WindowsPowerShell\v1.0\;D:\javaSoftware\mySql\bin;D:\javaSoftware\jdk1.8\jdk\bin;D:\javaSoftware\SVN\bin;D:\Git Tortoise\bin;D:\javaSoftware\tomcat8\bin;D:\javaSoftware\gradle-4.8.1\bin;D:\javaSoftware\apache-maven-3.5.4\bin;D:\Java\jdk1.8.0_172\bin;D:\javaSoftware\redis-server;D:\javaSoftware\Git\Git\bin;D:\javaSoftware\db2\BIN;D:\javaSoftware\db2\FUNCTION;D:\javaSoftware\db2\SAMPLES\REPL;D:\Microsoft VS Code\bin;C:\Users\admin\AppData\Local\Microsoft\WindowsApps;.]
2018-08-02 18:26:48 -Initializing Spring embedded WebApplicationContext
2018-08-02 18:26:48 -Root WebApplicationContext: initialization completed in 1378 ms
2018-08-02 18:26:48 -Servlet dispatcherServlet mapped to [/]
2018-08-02 18:26:48 -Servlet userPicture mapped to [/user/picture]
2018-08-02 18:26:48 -Mapping filter: 'characterEncodingFilter' to: [/*]
2018-08-02 18:26:48 -Mapping filter: 'hiddenHttpMethodFilter' to: [/*]
2018-08-02 18:26:48 -Mapping filter: 'httpPutFormContentFilter' to: [/*]
2018-08-02 18:26:48 -Mapping filter: 'requestContextFilter' to: [/*]
2018-08-02 18:26:49 -Mapped URL path [/**/favicon.ico] onto handler of type [class org.springframework.web.servlet.resource.ResourceHttpRequestHandler]
2018-08-02 18:26:49 -Looking for @ControllerAdvice: org.springframework.boot.web.servlet.context.AnnotationConfigServletWebServerApplicationContext@3c41ed1d: startup date [Thu Aug 02 18:26:47 CST 2018]; root of context hierarchy
2018-08-02 18:26:49 -Mapped "{[/market/get/info],methods=[POST]}" onto public org.springframework.http.ResponseEntity<com.niule.market.util.MessageInfo<com.niule.market.model.AdvertMakeInfo>> com.niule.market.controller.AdvertController.getAdvertMakeInfo(com.niule.market.model.AdvertParamModel) throws java.lang.Exception
2018-08-02 18:26:49 -Mapped "{[/market/count],methods=[GET]}" onto public org.springframework.http.ResponseEntity<com.github.pagehelper.PageInfo<com.niule.market.dao.model.AuthNo>> com.niule.market.controller.CountController.getInfo(java.lang.String,java.lang.Integer,java.lang.Integer)
2018-08-02 18:26:49 -Mapped "{[/market/record],methods=[POST]}" onto public void com.niule.market.controller.RecordController.record(javax.servlet.http.HttpServletRequest,java.lang.Integer,java.lang.Integer,java.lang.Integer)
2018-08-02 18:26:49 -Mapped "{[/error]}" onto public org.springframework.http.ResponseEntity<java.util.Map<java.lang.String, java.lang.Object>> org.springframework.boot.autoconfigure.web.servlet.error.BasicErrorController.error(javax.servlet.http.HttpServletRequest)
2018-08-02 18:26:49 -Mapped "{[/error],produces=[text/html]}" onto public org.springframework.web.servlet.ModelAndView org.springframework.boot.autoconfigure.web.servlet.error.BasicErrorController.errorHtml(javax.servlet.http.HttpServletRequest,javax.servlet.http.HttpServletResponse)
2018-08-02 18:26:49 -Mapped URL path [/webjars/**] onto handler of type [class org.springframework.web.servlet.resource.ResourceHttpRequestHandler]
2018-08-02 18:26:49 -Mapped URL path [/**] onto handler of type [class org.springframework.web.servlet.resource.ResourceHttpRequestHandler]
2018-08-02 18:26:50 -Registering beans for JMX exposure on startup
2018-08-02 18:26:50 -Bean with name 'readDatasource' has been autodetected for JMX exposure
2018-08-02 18:26:50 -Located MBean 'readDatasource': registering with JMX server as MBean [com.zaxxer.hikari:name=readDatasource,type=HikariDataSource]
2018-08-02 18:26:50 -Starting ProtocolHandler ["http-nio-8083"]
2018-08-02 18:26:50 -Using a shared selector for servlet write/read
2018-08-02 18:26:50 -Tomcat started on port(s): 8083 (http) with context path ''
2018-08-02 18:27:07 -Initializing Spring FrameworkServlet 'dispatcherServlet'
2018-08-02 18:27:07 -FrameworkServlet 'dispatcherServlet': initialization started
2018-08-02 18:27:07 -FrameworkServlet 'dispatcherServlet': initialization completed in 18 ms
2018-08-02 18:27:08 -Failed to bind request element: org.springframework.web.method.annotation.MethodArgumentTypeMismatchException: Failed to convert value of type 'java.lang.String' to required type 'java.lang.Integer'; nested exception is java.lang.NumberFormatException: For input string: ""22""
